2025-04-11 00:04:26.009 [info] [main] Log level: Info
2025-04-11 00:04:26.009 [info] [main] Validating found git in: "git"
2025-04-11 00:04:26.009 [info] [main] Using git "2.47.2" from "git"
2025-04-11 00:04:26.009 [info] [Model][doInitialScan] Initial repository scan started
2025-04-11 00:04:26.009 [info] > git rev-parse --show-toplevel [4ms]
2025-04-11 00:04:26.009 [info] > git rev-parse --git-dir --git-common-dir [4ms]
2025-04-11 00:04:26.009 [info] [Model][openRepository] Opened repository: /root/Desktop/Environments/App
2025-04-11 00:04:26.009 [info] > git rev-parse --show-toplevel [2ms]
2025-04-11 00:04:26.010 [info] > git config --get commit.template [8ms]
2025-04-11 00:04:26.024 [info] > git rev-parse --show-toplevel [7ms]
2025-04-11 00:04:26.029 [info] > git for-each-ref --format=%(refname)%00%(upstream:short)%00%(objectname)%00%(upstream:track)%00%(upstream:remotename)%00%(upstream:remoteref) refs/heads/master refs/remotes/master [6ms]
2025-04-11 00:04:26.035 [info] > git rev-parse --show-toplevel [6ms]
2025-04-11 00:04:26.053 [info] > git for-each-ref --sort -committerdate --format %(refname)%00%(objectname)%00%(*objectname) [7ms]
2025-04-11 00:04:26.055 [info] > git rev-parse --git-dir --git-common-dir [4ms]
2025-04-11 00:04:26.059 [info] [Model][openRepository] Opened repository: /root/Desktop/Environments/App/Data-Collector
2025-04-11 00:04:26.072 [info] > git status -z -uall [31ms]
2025-04-11 00:04:26.127 [info] > git for-each-ref --format=%(refname)%00%(upstream:short)%00%(objectname)%00%(upstream:track)%00%(upstream:remotename)%00%(upstream:remoteref) refs/heads/master refs/remotes/master [36ms]
2025-04-11 00:04:26.132 [info] > git rev-parse --show-toplevel [61ms]
2025-04-11 00:04:26.133 [info] > git config --get commit.template [67ms]
2025-04-11 00:04:26.151 [info] > git config --get --local branch.master.vscode-merge-base [19ms]
2025-04-11 00:04:26.151 [warning] [Git][config] git config failed: Failed to execute git
2025-04-11 00:04:26.165 [info] > git config --get commit.template [38ms]
2025-04-11 00:04:26.173 [info] > git rev-parse --show-toplevel [22ms]
2025-04-11 00:04:26.175 [info] [Model][doInitialScan] Initial repository scan completed - repositories (2), closed repositories (0), parent repositories (0), unsafe repositories (0)
2025-04-11 00:04:26.183 [info] > git for-each-ref --format=%(refname)%00%(upstream:short)%00%(objectname)%00%(upstream:track)%00%(upstream:remotename)%00%(upstream:remoteref) refs/heads/master refs/remotes/master [11ms]
2025-04-11 00:04:26.183 [info] > git reflog master --grep-reflog=branch: Created from *. [19ms]
2025-04-11 00:04:26.204 [warning] [Git][revParse] Unable to read file: ENOENT: no such file or directory, open '/root/Desktop/Environments/App/Data-Collector/.git/refs/remotes/origin/master'
2025-04-11 00:04:26.206 [info] > git symbolic-ref --short refs/remotes/origin/HEAD [17ms]
2025-04-11 00:04:26.206 [info] fatal: ref refs/remotes/origin/HEAD is not a symbolic ref
2025-04-11 00:04:26.206 [warning] [Repository][getDefaultBranch] Failed to get default branch details: Failed to execute git.
2025-04-11 00:04:26.216 [info] > git for-each-ref --format=%(refname)%00%(upstream:short)%00%(objectname)%00%(upstream:track)%00%(upstream:remotename)%00%(upstream:remoteref) refs/heads/master refs/remotes/master [34ms]
2025-04-11 00:04:26.219 [info] > git merge-base refs/heads/master refs/remotes/origin/master [3ms]
2025-04-11 00:04:26.225 [info] > git rev-parse refs/remotes/origin/master [21ms]
2025-04-11 00:04:26.242 [info] > git for-each-ref --sort -committerdate --format %(refname)%00%(objectname)%00%(*objectname) [2ms]
2025-04-11 00:04:26.243 [info] > git diff --name-status -z --diff-filter=ADMR 5ed836ec092ced3830cbbba0fb29e0c59d1b74ea...refs/remotes/origin/master [18ms]
2025-04-11 00:04:26.258 [info] > git for-each-ref --sort -committerdate --format %(refname)%00%(objectname)%00%(*objectname) [1ms]
2025-04-11 00:04:26.268 [info] > git status -z -uall [18ms]
2025-04-11 00:04:26.434 [info] > git show --textconv :App/info.py [8ms]
2025-04-11 00:04:26.436 [info] > git ls-files --stage -- App/info.py [3ms]
2025-04-11 00:04:26.444 [info] > git cat-file -s e5271c941730b26ee8d8873ac9d5945fbc8e3bd7 [3ms]
2025-04-11 00:04:26.463 [info] > git status -z -uall [232ms]
2025-04-11 00:04:26.489 [info] > git for-each-ref --format=%(refname)%00%(upstream:short)%00%(objectname)%00%(upstream:track)%00%(upstream:remotename)%00%(upstream:remoteref) refs/heads/master refs/remotes/master [12ms]
2025-04-11 00:04:26.498 [info] > git config --get --local branch.master.vscode-merge-base [1ms]
2025-04-11 00:04:26.506 [info] > git config --get commit.template [17ms]
2025-04-11 00:04:26.509 [info] > git for-each-ref --format=%(refname)%00%(upstream:short)%00%(objectname)%00%(upstream:track)%00%(upstream:remotename)%00%(upstream:remoteref) refs/heads/origin/master refs/remotes/origin/master [4ms]
2025-04-11 00:04:26.524 [info] > git for-each-ref --format=%(refname)%00%(upstream:short)%00%(objectname)%00%(upstream:track)%00%(upstream:remotename)%00%(upstream:remoteref) refs/heads/master refs/remotes/master [2ms]
2025-04-11 00:04:26.524 [info] > git merge-base refs/heads/master refs/remotes/origin/master [8ms]
2025-04-11 00:04:26.538 [warning] [Git][revParse] Unable to read file: ENOENT: no such file or directory, open '/root/Desktop/Environments/App/Data-Collector/.git/refs/remotes/origin/master'
2025-04-11 00:04:26.539 [info] > git rev-parse refs/remotes/origin/master [2ms]
2025-04-11 00:04:26.549 [info] > git diff --name-status -z --diff-filter=ADMR 5ed836ec092ced3830cbbba0fb29e0c59d1b74ea...refs/remotes/origin/master [18ms]
2025-04-11 00:04:26.557 [info] > git for-each-ref --sort -committerdate --format %(refname)%00%(objectname)%00%(*objectname) [8ms]
2025-04-11 00:04:26.576 [info] > git blame --root --incremental 5ed836ec092ced3830cbbba0fb29e0c59d1b74ea -- App/info.py [19ms]
2025-04-11 00:04:26.656 [info] > git check-ignore -v -z --stdin [8ms]
2025-04-11 00:04:26.656 [info] > git check-ignore -v -z --stdin [1ms]
2025-04-11 00:04:26.686 [info] > git status -z -uall [142ms]
2025-04-11 00:04:37.753 [info] > git config --get commit.template [6ms]
2025-04-11 00:04:37.755 [info] > git for-each-ref --format=%(refname)%00%(upstream:short)%00%(objectname)%00%(upstream:track)%00%(upstream:remotename)%00%(upstream:remoteref) refs/heads/master refs/remotes/master [2ms]
2025-04-11 00:04:37.775 [info] > git for-each-ref --sort -committerdate --format %(refname)%00%(objectname)%00%(*objectname) [4ms]
2025-04-11 00:04:37.780 [info] > git status -z -uall [16ms]
2025-04-11 00:04:42.796 [info] > git config --get commit.template [1ms]
2025-04-11 00:04:42.804 [info] > git for-each-ref --format=%(refname)%00%(upstream:short)%00%(objectname)%00%(upstream:track)%00%(upstream:remotename)%00%(upstream:remoteref) refs/heads/master refs/remotes/master [2ms]
2025-04-11 00:04:42.818 [info] > git for-each-ref --sort -committerdate --format %(refname)%00%(objectname)%00%(*objectname) [0ms]
2025-04-11 00:04:42.823 [info] > git status -z -uall [11ms]
2025-04-11 00:04:47.849 [info] > git config --get commit.template [11ms]
2025-04-11 00:04:47.850 [info] > git for-each-ref --format=%(refname)%00%(upstream:short)%00%(objectname)%00%(upstream:track)%00%(upstream:remotename)%00%(upstream:remoteref) refs/heads/master refs/remotes/master [2ms]
2025-04-11 00:04:47.863 [info] > git for-each-ref --sort -committerdate --format %(refname)%00%(objectname)%00%(*objectname) [1ms]
2025-04-11 00:04:47.869 [info] > git status -z -uall [11ms]
2025-04-11 00:07:35.790 [info] > git config --get commit.template [9ms]
2025-04-11 00:07:35.790 [info] > git for-each-ref --format=%(refname)%00%(upstream:short)%00%(objectname)%00%(upstream:track)%00%(upstream:remotename)%00%(upstream:remoteref) refs/heads/master refs/remotes/master [1ms]
2025-04-11 00:07:35.807 [info] > git for-each-ref --sort -committerdate --format %(refname)%00%(objectname)%00%(*objectname) [1ms]
2025-04-11 00:07:35.812 [info] > git status -z -uall [13ms]
2025-04-11 00:07:40.840 [info] > git config --get commit.template [10ms]
2025-04-11 00:07:40.841 [info] > git for-each-ref --format=%(refname)%00%(upstream:short)%00%(objectname)%00%(upstream:track)%00%(upstream:remotename)%00%(upstream:remoteref) refs/heads/master refs/remotes/master [2ms]
2025-04-11 00:07:40.857 [info] > git for-each-ref --sort -committerdate --format %(refname)%00%(objectname)%00%(*objectname) [1ms]
2025-04-11 00:07:40.863 [info] > git status -z -uall [14ms]
2025-04-11 00:08:47.146 [info] > git config --get commit.template [7ms]
2025-04-11 00:08:47.147 [info] > git for-each-ref --format=%(refname)%00%(upstream:short)%00%(objectname)%00%(upstream:track)%00%(upstream:remotename)%00%(upstream:remoteref) refs/heads/master refs/remotes/master [2ms]
2025-04-11 00:08:47.159 [info] > git for-each-ref --sort -committerdate --format %(refname)%00%(objectname)%00%(*objectname) [2ms]
2025-04-11 00:08:47.163 [info] > git status -z -uall [10ms]
2025-04-11 00:10:21.323 [info] > git config --get commit.template [12ms]
2025-04-11 00:10:21.324 [info] > git for-each-ref --format=%(refname)%00%(upstream:short)%00%(objectname)%00%(upstream:track)%00%(upstream:remotename)%00%(upstream:remoteref) refs/heads/master refs/remotes/master [4ms]
2025-04-11 00:10:21.343 [info] > git for-each-ref --sort -committerdate --format %(refname)%00%(objectname)%00%(*objectname) [0ms]
2025-04-11 00:10:21.350 [info] > git status -z -uall [15ms]
2025-04-11 00:10:26.370 [info] > git config --get commit.template [3ms]
2025-04-11 00:10:26.382 [info] > git for-each-ref --format=%(refname)%00%(upstream:short)%00%(objectname)%00%(upstream:track)%00%(upstream:remotename)%00%(upstream:remoteref) refs/heads/master refs/remotes/master [3ms]
2025-04-11 00:10:26.399 [info] > git for-each-ref --sort -committerdate --format %(refname)%00%(objectname)%00%(*objectname) [1ms]
2025-04-11 00:10:26.405 [info] > git status -z -uall [14ms]
2025-04-11 00:10:37.568 [info] > git config --get commit.template [10ms]
2025-04-11 00:10:37.569 [info] > git for-each-ref --format=%(refname)%00%(upstream:short)%00%(objectname)%00%(upstream:track)%00%(upstream:remotename)%00%(upstream:remoteref) refs/heads/master refs/remotes/master [3ms]
2025-04-11 00:10:37.586 [info] > git for-each-ref --sort -committerdate --format %(refname)%00%(objectname)%00%(*objectname) [2ms]
2025-04-11 00:10:37.589 [info] > git status -z -uall [12ms]
2025-04-11 00:10:42.613 [info] > git config --get commit.template [11ms]
2025-04-11 00:10:42.614 [info] > git for-each-ref --format=%(refname)%00%(upstream:short)%00%(objectname)%00%(upstream:track)%00%(upstream:remotename)%00%(upstream:remoteref) refs/heads/master refs/remotes/master [2ms]
2025-04-11 00:10:42.625 [info] > git for-each-ref --sort -committerdate --format %(refname)%00%(objectname)%00%(*objectname) [0ms]
2025-04-11 00:10:42.630 [info] > git status -z -uall [11ms]
2025-04-11 00:10:48.070 [info] > git config --get commit.template [11ms]
2025-04-11 00:10:48.072 [info] > git for-each-ref --format=%(refname)%00%(upstream:short)%00%(objectname)%00%(upstream:track)%00%(upstream:remotename)%00%(upstream:remoteref) refs/heads/master refs/remotes/master [3ms]
2025-04-11 00:10:48.088 [info] > git for-each-ref --sort -committerdate --format %(refname)%00%(objectname)%00%(*objectname) [2ms]
2025-04-11 00:10:48.095 [info] > git status -z -uall [15ms]
2025-04-11 00:15:50.000 [info] > git config --get commit.template [2ms]
2025-04-11 00:15:50.011 [info] > git for-each-ref --format=%(refname)%00%(upstream:short)%00%(objectname)%00%(upstream:track)%00%(upstream:remotename)%00%(upstream:remoteref) refs/heads/master refs/remotes/master [1ms]
2025-04-11 00:15:50.032 [info] > git for-each-ref --sort -committerdate --format %(refname)%00%(objectname)%00%(*objectname) [2ms]
2025-04-11 00:15:50.034 [info] > git status -z -uall [15ms]
2025-04-11 00:15:55.054 [info] > git config --get commit.template [7ms]
2025-04-11 00:15:55.054 [info] > git for-each-ref --format=%(refname)%00%(upstream:short)%00%(objectname)%00%(upstream:track)%00%(upstream:remotename)%00%(upstream:remoteref) refs/heads/master refs/remotes/master [1ms]
2025-04-11 00:15:55.068 [info] > git for-each-ref --sort -committerdate --format %(refname)%00%(objectname)%00%(*objectname) [1ms]
2025-04-11 00:15:55.071 [info] > git status -z -uall [11ms]
2025-04-11 00:16:00.095 [info] > git config --get commit.template [7ms]
2025-04-11 00:16:00.096 [info] > git for-each-ref --format=%(refname)%00%(upstream:short)%00%(objectname)%00%(upstream:track)%00%(upstream:remotename)%00%(upstream:remoteref) refs/heads/master refs/remotes/master [1ms]
2025-04-11 00:16:00.108 [info] > git for-each-ref --sort -committerdate --format %(refname)%00%(objectname)%00%(*objectname) [1ms]
2025-04-11 00:16:00.112 [info] > git status -z -uall [10ms]
2025-04-11 00:20:24.529 [info] > git config --get commit.template [1ms]
2025-04-11 00:20:24.539 [info] > git for-each-ref --format=%(refname)%00%(upstream:short)%00%(objectname)%00%(upstream:track)%00%(upstream:remotename)%00%(upstream:remoteref) refs/heads/master refs/remotes/master [3ms]
2025-04-11 00:20:24.553 [info] > git for-each-ref --sort -committerdate --format %(refname)%00%(objectname)%00%(*objectname) [2ms]
2025-04-11 00:20:24.559 [info] > git status -z -uall [13ms]
2025-04-11 00:20:29.571 [info] > git config --get commit.template [4ms]
2025-04-11 00:20:29.571 [info] > git for-each-ref --format=%(refname)%00%(upstream:short)%00%(objectname)%00%(upstream:track)%00%(upstream:remotename)%00%(upstream:remoteref) refs/heads/master refs/remotes/master [0ms]
2025-04-11 00:20:29.579 [info] > git for-each-ref --sort -committerdate --format %(refname)%00%(objectname)%00%(*objectname) [1ms]
2025-04-11 00:20:29.584 [info] > git status -z -uall [9ms]
2025-04-11 00:20:34.593 [info] > git config --get commit.template [1ms]
2025-04-11 00:20:34.598 [info] > git for-each-ref --format=%(refname)%00%(upstream:short)%00%(objectname)%00%(upstream:track)%00%(upstream:remotename)%00%(upstream:remoteref) refs/heads/master refs/remotes/master [1ms]
2025-04-11 00:20:34.605 [info] > git for-each-ref --sort -committerdate --format %(refname)%00%(objectname)%00%(*objectname) [0ms]
2025-04-11 00:20:34.610 [info] > git status -z -uall [9ms]
2025-04-11 00:20:39.633 [info] > git config --get commit.template [10ms]
2025-04-11 00:20:39.635 [info] > git for-each-ref --format=%(refname)%00%(upstream:short)%00%(objectname)%00%(upstream:track)%00%(upstream:remotename)%00%(upstream:remoteref) refs/heads/master refs/remotes/master [3ms]
2025-04-11 00:20:39.656 [info] > git for-each-ref --sort -committerdate --format %(refname)%00%(objectname)%00%(*objectname) [3ms]
2025-04-11 00:20:39.664 [info] > git status -z -uall [19ms]
2025-04-11 00:20:44.689 [info] > git config --get commit.template [10ms]
2025-04-11 00:20:44.690 [info] > git for-each-ref --format=%(refname)%00%(upstream:short)%00%(objectname)%00%(upstream:track)%00%(upstream:remotename)%00%(upstream:remoteref) refs/heads/master refs/remotes/master [2ms]
2025-04-11 00:20:44.706 [info] > git for-each-ref --sort -committerdate --format %(refname)%00%(objectname)%00%(*objectname) [2ms]
2025-04-11 00:20:44.712 [info] > git status -z -uall [13ms]
2025-04-11 00:21:05.314 [info] > git config --get commit.template [2ms]
2025-04-11 00:21:05.328 [info] > git for-each-ref --format=%(refname)%00%(upstream:short)%00%(objectname)%00%(upstream:track)%00%(upstream:remotename)%00%(upstream:remoteref) refs/heads/master refs/remotes/master [3ms]
2025-04-11 00:21:05.342 [info] > git for-each-ref --sort -committerdate --format %(refname)%00%(objectname)%00%(*objectname) [2ms]
2025-04-11 00:21:05.348 [info] > git status -z -uall [14ms]
2025-04-11 00:21:10.374 [info] > git config --get commit.template [9ms]
2025-04-11 00:21:10.376 [info] > git for-each-ref --format=%(refname)%00%(upstream:short)%00%(objectname)%00%(upstream:track)%00%(upstream:remotename)%00%(upstream:remoteref) refs/heads/master refs/remotes/master [2ms]
2025-04-11 00:21:10.393 [info] > git for-each-ref --sort -committerdate --format %(refname)%00%(objectname)%00%(*objectname) [2ms]
2025-04-11 00:21:10.399 [info] > git status -z -uall [14ms]
2025-04-11 00:21:24.663 [info] > git config --get commit.template [8ms]
2025-04-11 00:21:24.664 [info] > git for-each-ref --format=%(refname)%00%(upstream:short)%00%(objectname)%00%(upstream:track)%00%(upstream:remotename)%00%(upstream:remoteref) refs/heads/master refs/remotes/master [2ms]
2025-04-11 00:21:24.675 [info] > git for-each-ref --sort -committerdate --format %(refname)%00%(objectname)%00%(*objectname) [0ms]
2025-04-11 00:21:24.680 [info] > git status -z -uall [10ms]
2025-04-11 00:21:38.680 [info] > git config --get commit.template [8ms]
2025-04-11 00:21:38.681 [info] > git for-each-ref --format=%(refname)%00%(upstream:short)%00%(objectname)%00%(upstream:track)%00%(upstream:remotename)%00%(upstream:remoteref) refs/heads/master refs/remotes/master [2ms]
2025-04-11 00:21:38.696 [info] > git for-each-ref --sort -committerdate --format %(refname)%00%(objectname)%00%(*objectname) [3ms]
2025-04-11 00:21:38.703 [info] > git status -z -uall [15ms]
2025-04-11 00:21:51.157 [info] > git config --get commit.template [10ms]
2025-04-11 00:21:51.158 [info] > git for-each-ref --format=%(refname)%00%(upstream:short)%00%(objectname)%00%(upstream:track)%00%(upstream:remotename)%00%(upstream:remoteref) refs/heads/master refs/remotes/master [2ms]
2025-04-11 00:21:51.176 [info] > git for-each-ref --sort -committerdate --format %(refname)%00%(objectname)%00%(*objectname) [1ms]
2025-04-11 00:21:51.182 [info] > git status -z -uall [14ms]
2025-04-11 00:21:56.208 [info] > git config --get commit.template [8ms]
2025-04-11 00:21:56.209 [info] > git for-each-ref --format=%(refname)%00%(upstream:short)%00%(objectname)%00%(upstream:track)%00%(upstream:remotename)%00%(upstream:remoteref) refs/heads/master refs/remotes/master [2ms]
2025-04-11 00:21:56.220 [info] > git for-each-ref --sort -committerdate --format %(refname)%00%(objectname)%00%(*objectname) [1ms]
2025-04-11 00:21:56.225 [info] > git status -z -uall [10ms]
2025-04-11 00:24:19.806 [info] > git config --get commit.template [6ms]
2025-04-11 00:24:19.807 [info] > git for-each-ref --format=%(refname)%00%(upstream:short)%00%(objectname)%00%(upstream:track)%00%(upstream:remotename)%00%(upstream:remoteref) refs/heads/master refs/remotes/master [1ms]
2025-04-11 00:24:19.819 [info] > git for-each-ref --sort -committerdate --format %(refname)%00%(objectname)%00%(*objectname) [1ms]
2025-04-11 00:24:19.824 [info] > git status -z -uall [11ms]
2025-04-11 00:37:13.814 [info] > git config --get commit.template [7ms]
2025-04-11 00:37:13.815 [info] > git for-each-ref --format=%(refname)%00%(upstream:short)%00%(objectname)%00%(upstream:track)%00%(upstream:remotename)%00%(upstream:remoteref) refs/heads/master refs/remotes/master [2ms]
2025-04-11 00:37:13.826 [info] > git for-each-ref --sort -committerdate --format %(refname)%00%(objectname)%00%(*objectname) [0ms]
2025-04-11 00:37:13.831 [info] > git status -z -uall [10ms]
2025-04-11 00:37:18.849 [info] > git config --get commit.template [8ms]
2025-04-11 00:37:18.849 [info] > git for-each-ref --format=%(refname)%00%(upstream:short)%00%(objectname)%00%(upstream:track)%00%(upstream:remotename)%00%(upstream:remoteref) refs/heads/master refs/remotes/master [1ms]
2025-04-11 00:37:18.865 [info] > git for-each-ref --sort -committerdate --format %(refname)%00%(objectname)%00%(*objectname) [1ms]
2025-04-11 00:37:18.867 [info] > git status -z -uall [12ms]
2025-04-11 00:37:24.689 [info] > git config --get commit.template [8ms]
2025-04-11 00:37:24.690 [info] > git for-each-ref --format=%(refname)%00%(upstream:short)%00%(objectname)%00%(upstream:track)%00%(upstream:remotename)%00%(upstream:remoteref) refs/heads/master refs/remotes/master [2ms]
2025-04-11 00:37:24.703 [info] > git for-each-ref --sort -committerdate --format %(refname)%00%(objectname)%00%(*objectname) [1ms]
2025-04-11 00:37:24.708 [info] > git status -z -uall [11ms]
2025-04-11 00:37:35.275 [info] > git config --get commit.template [1ms]
2025-04-11 00:37:35.286 [info] > git for-each-ref --format=%(refname)%00%(upstream:short)%00%(objectname)%00%(upstream:track)%00%(upstream:remotename)%00%(upstream:remoteref) refs/heads/master refs/remotes/master [2ms]
2025-04-11 00:37:35.304 [info] > git for-each-ref --sort -committerdate --format %(refname)%00%(objectname)%00%(*objectname) [2ms]
2025-04-11 00:37:35.311 [info] > git status -z -uall [16ms]
2025-04-11 00:38:11.098 [info] > git config --get commit.template [10ms]
2025-04-11 00:38:11.098 [info] > git for-each-ref --format=%(refname)%00%(upstream:short)%00%(objectname)%00%(upstream:track)%00%(upstream:remotename)%00%(upstream:remoteref) refs/heads/master refs/remotes/master [1ms]
2025-04-11 00:38:11.107 [info] > git for-each-ref --sort -committerdate --format %(refname)%00%(objectname)%00%(*objectname) [1ms]
2025-04-11 00:38:11.112 [info] > git status -z -uall [10ms]
2025-04-11 00:38:24.081 [info] > git config --get commit.template [1ms]
2025-04-11 00:38:24.091 [info] > git for-each-ref --format=%(refname)%00%(upstream:short)%00%(objectname)%00%(upstream:track)%00%(upstream:remotename)%00%(upstream:remoteref) refs/heads/master refs/remotes/master [1ms]
2025-04-11 00:38:24.104 [info] > git for-each-ref --sort -committerdate --format %(refname)%00%(objectname)%00%(*objectname) [2ms]
2025-04-11 00:38:24.108 [info] > git status -z -uall [11ms]
2025-04-11 00:39:25.133 [info] > git config --get commit.template [7ms]
2025-04-11 00:39:25.135 [info] > git for-each-ref --format=%(refname)%00%(upstream:short)%00%(objectname)%00%(upstream:track)%00%(upstream:remotename)%00%(upstream:remoteref) refs/heads/master refs/remotes/master [3ms]
2025-04-11 00:39:25.153 [info] > git for-each-ref --sort -committerdate --format %(refname)%00%(objectname)%00%(*objectname) [2ms]
2025-04-11 00:39:25.161 [info] > git status -z -uall [17ms]
2025-04-11 00:39:42.855 [info] > git config --get commit.template [8ms]
2025-04-11 00:39:42.856 [info] > git for-each-ref --format=%(refname)%00%(upstream:short)%00%(objectname)%00%(upstream:track)%00%(upstream:remotename)%00%(upstream:remoteref) refs/heads/master refs/remotes/master [2ms]
2025-04-11 00:39:42.869 [info] > git for-each-ref --sort -committerdate --format %(refname)%00%(objectname)%00%(*objectname) [1ms]
2025-04-11 00:39:42.873 [info] > git status -z -uall [11ms]
2025-04-11 00:39:47.899 [info] > git config --get commit.template [10ms]
2025-04-11 00:39:47.901 [info] > git for-each-ref --format=%(refname)%00%(upstream:short)%00%(objectname)%00%(upstream:track)%00%(upstream:remotename)%00%(upstream:remoteref) refs/heads/master refs/remotes/master [3ms]
2025-04-11 00:39:47.920 [info] > git for-each-ref --sort -committerdate --format %(refname)%00%(objectname)%00%(*objectname) [1ms]
2025-04-11 00:39:47.927 [info] > git status -z -uall [17ms]
2025-04-11 00:39:52.954 [info] > git config --get commit.template [12ms]
2025-04-11 00:39:52.956 [info] > git for-each-ref --format=%(refname)%00%(upstream:short)%00%(objectname)%00%(upstream:track)%00%(upstream:remotename)%00%(upstream:remoteref) refs/heads/master refs/remotes/master [3ms]
2025-04-11 00:39:52.976 [info] > git for-each-ref --sort -committerdate --format %(refname)%00%(objectname)%00%(*objectname) [1ms]
2025-04-11 00:39:52.982 [info] > git status -z -uall [16ms]
2025-04-11 00:40:05.096 [info] > git config --get commit.template [1ms]
2025-04-11 00:40:05.106 [info] > git for-each-ref --format=%(refname)%00%(upstream:short)%00%(objectname)%00%(upstream:track)%00%(upstream:remotename)%00%(upstream:remoteref) refs/heads/master refs/remotes/master [2ms]
2025-04-11 00:40:05.119 [info] > git for-each-ref --sort -committerdate --format %(refname)%00%(objectname)%00%(*objectname) [2ms]
2025-04-11 00:40:05.122 [info] > git status -z -uall [10ms]
2025-04-11 00:40:24.695 [info] > git config --get commit.template [7ms]
2025-04-11 00:40:24.695 [info] > git for-each-ref --format=%(refname)%00%(upstream:short)%00%(objectname)%00%(upstream:track)%00%(upstream:remotename)%00%(upstream:remoteref) refs/heads/master refs/remotes/master [1ms]
2025-04-11 00:40:24.709 [info] > git for-each-ref --sort -committerdate --format %(refname)%00%(objectname)%00%(*objectname) [2ms]
2025-04-11 00:40:24.712 [info] > git status -z -uall [11ms]
2025-04-11 00:40:32.127 [info] > git config --get commit.template [4ms]
2025-04-11 00:40:32.128 [info] > git for-each-ref --format=%(refname)%00%(upstream:short)%00%(objectname)%00%(upstream:track)%00%(upstream:remotename)%00%(upstream:remoteref) refs/heads/master refs/remotes/master [1ms]
2025-04-11 00:40:32.141 [info] > git for-each-ref --sort -committerdate --format %(refname)%00%(objectname)%00%(*objectname) [2ms]
2025-04-11 00:40:32.147 [info] > git status -z -uall [13ms]
2025-04-11 00:41:24.698 [info] > git config --get commit.template [8ms]
2025-04-11 00:41:24.700 [info] > git for-each-ref --format=%(refname)%00%(upstream:short)%00%(objectname)%00%(upstream:track)%00%(upstream:remotename)%00%(upstream:remoteref) refs/heads/master refs/remotes/master [2ms]
2025-04-11 00:41:24.713 [info] > git for-each-ref --sort -committerdate --format %(refname)%00%(objectname)%00%(*objectname) [1ms]
2025-04-11 00:41:24.717 [info] > git status -z -uall [10ms]
2025-04-11 00:42:20.078 [info] > git config --get commit.template [5ms]
2025-04-11 00:42:20.079 [info] > git for-each-ref --format=%(refname)%00%(upstream:short)%00%(objectname)%00%(upstream:track)%00%(upstream:remotename)%00%(upstream:remoteref) refs/heads/master refs/remotes/master [2ms]
2025-04-11 00:42:20.092 [info] > git for-each-ref --sort -committerdate --format %(refname)%00%(objectname)%00%(*objectname) [2ms]
2025-04-11 00:42:20.095 [info] > git status -z -uall [11ms]
2025-04-11 00:43:30.697 [info] > git config --get commit.template [15ms]
2025-04-11 00:43:30.698 [info] > git for-each-ref --format=%(refname)%00%(upstream:short)%00%(objectname)%00%(upstream:track)%00%(upstream:remotename)%00%(upstream:remoteref) refs/heads/master refs/remotes/master [4ms]
2025-04-11 00:43:30.716 [info] > git for-each-ref --sort -committerdate --format %(refname)%00%(objectname)%00%(*objectname) [2ms]
2025-04-11 00:43:30.719 [info] > git status -z -uall [14ms]
2025-04-11 00:43:35.730 [info] > git config --get commit.template [1ms]
2025-04-11 00:43:35.735 [info] > git for-each-ref --format=%(refname)%00%(upstream:short)%00%(objectname)%00%(upstream:track)%00%(upstream:remotename)%00%(upstream:remoteref) refs/heads/master refs/remotes/master [1ms]
2025-04-11 00:43:35.744 [info] > git for-each-ref --sort -committerdate --format %(refname)%00%(objectname)%00%(*objectname) [1ms]
2025-04-11 00:43:35.749 [info] > git status -z -uall [10ms]
2025-04-11 00:44:19.390 [info] > git config --get commit.template [2ms]
2025-04-11 00:44:19.401 [info] > git for-each-ref --format=%(refname)%00%(upstream:short)%00%(objectname)%00%(upstream:track)%00%(upstream:remotename)%00%(upstream:remoteref) refs/heads/master refs/remotes/master [1ms]
2025-04-11 00:44:19.423 [info] > git for-each-ref --sort -committerdate --format %(refname)%00%(objectname)%00%(*objectname) [2ms]
2025-04-11 00:44:19.425 [info] > git status -z -uall [15ms]
2025-04-11 00:44:24.449 [info] > git config --get commit.template [10ms]
2025-04-11 00:44:24.451 [info] > git for-each-ref --format=%(refname)%00%(upstream:short)%00%(objectname)%00%(upstream:track)%00%(upstream:remotename)%00%(upstream:remoteref) refs/heads/master refs/remotes/master [3ms]
2025-04-11 00:44:24.469 [info] > git for-each-ref --sort -committerdate --format %(refname)%00%(objectname)%00%(*objectname) [2ms]
2025-04-11 00:44:24.475 [info] > git status -z -uall [16ms]
2025-04-11 00:44:29.501 [info] > git config --get commit.template [12ms]
2025-04-11 00:44:29.503 [info] > git for-each-ref --format=%(refname)%00%(upstream:short)%00%(objectname)%00%(upstream:track)%00%(upstream:remotename)%00%(upstream:remoteref) refs/heads/master refs/remotes/master [3ms]
2025-04-11 00:44:29.520 [info] > git for-each-ref --sort -committerdate --format %(refname)%00%(objectname)%00%(*objectname) [1ms]
2025-04-11 00:44:29.526 [info] > git status -z -uall [14ms]
2025-04-11 00:44:34.548 [info] > git config --get commit.template [10ms]
2025-04-11 00:44:34.548 [info] > git for-each-ref --format=%(refname)%00%(upstream:short)%00%(objectname)%00%(upstream:track)%00%(upstream:remotename)%00%(upstream:remoteref) refs/heads/master refs/remotes/master [1ms]
2025-04-11 00:44:34.564 [info] > git for-each-ref --sort -committerdate --format %(refname)%00%(objectname)%00%(*objectname) [1ms]
2025-04-11 00:44:34.572 [info] > git status -z -uall [17ms]
2025-04-11 00:44:39.597 [info] > git config --get commit.template [10ms]
2025-04-11 00:44:39.597 [info] > git for-each-ref --format=%(refname)%00%(upstream:short)%00%(objectname)%00%(upstream:track)%00%(upstream:remotename)%00%(upstream:remoteref) refs/heads/master refs/remotes/master [2ms]
2025-04-11 00:44:39.611 [info] > git for-each-ref --sort -committerdate --format %(refname)%00%(objectname)%00%(*objectname) [2ms]
2025-04-11 00:44:39.616 [info] > git status -z -uall [12ms]
2025-04-11 00:50:01.822 [info] > git config --get commit.template [9ms]
2025-04-11 00:50:01.823 [info] > git for-each-ref --format=%(refname)%00%(upstream:short)%00%(objectname)%00%(upstream:track)%00%(upstream:remotename)%00%(upstream:remoteref) refs/heads/master refs/remotes/master [1ms]
2025-04-11 00:50:01.836 [info] > git for-each-ref --sort -committerdate --format %(refname)%00%(objectname)%00%(*objectname) [1ms]
2025-04-11 00:50:01.841 [info] > git status -z -uall [11ms]
2025-04-11 00:50:03.903 [info] > git show --textconv :App/main.py [7ms]
2025-04-11 00:50:03.903 [info] > git ls-files --stage -- App/main.py [1ms]
2025-04-11 00:50:03.909 [info] > git cat-file -s eecbb70dcce9aba3dff098ea0a2fe0338dd0db75 [1ms]
2025-04-11 00:50:03.920 [info] > git blame --root --incremental 5ed836ec092ced3830cbbba0fb29e0c59d1b74ea -- App/main.py [1ms]
2025-04-11 00:50:04.875 [info] > git show --textconv :App/game.py [13ms]
2025-04-11 00:50:04.876 [info] > git ls-files --stage -- App/game.py [1ms]
2025-04-11 00:50:04.883 [info] > git cat-file -s 8e607cc977c4ebbd84ac130b9c54b5dcd0384c17 [1ms]
2025-04-11 00:50:04.902 [info] > git blame --root --incremental 5ed836ec092ced3830cbbba0fb29e0c59d1b74ea -- App/game.py [7ms]
2025-04-11 00:50:06.857 [info] > git config --get commit.template [3ms]
2025-04-11 00:50:06.864 [info] > git for-each-ref --format=%(refname)%00%(upstream:short)%00%(objectname)%00%(upstream:track)%00%(upstream:remotename)%00%(upstream:remoteref) refs/heads/master refs/remotes/master [2ms]
2025-04-11 00:50:06.877 [info] > git for-each-ref --sort -committerdate --format %(refname)%00%(objectname)%00%(*objectname) [1ms]
2025-04-11 00:50:06.881 [info] > git status -z -uall [10ms]
2025-04-11 00:50:11.897 [info] > git config --get commit.template [2ms]
2025-04-11 00:50:11.904 [info] > git for-each-ref --format=%(refname)%00%(upstream:short)%00%(objectname)%00%(upstream:track)%00%(upstream:remotename)%00%(upstream:remoteref) refs/heads/master refs/remotes/master [2ms]
2025-04-11 00:50:11.920 [info] > git for-each-ref --sort -committerdate --format %(refname)%00%(objectname)%00%(*objectname) [1ms]
2025-04-11 00:50:11.925 [info] > git status -z -uall [13ms]
2025-04-11 00:51:10.633 [info] > git config --get commit.template [11ms]
2025-04-11 00:51:10.634 [info] > git for-each-ref --format=%(refname)%00%(upstream:short)%00%(objectname)%00%(upstream:track)%00%(upstream:remotename)%00%(upstream:remoteref) refs/heads/master refs/remotes/master [2ms]
2025-04-11 00:51:10.653 [info] > git for-each-ref --sort -committerdate --format %(refname)%00%(objectname)%00%(*objectname) [1ms]
2025-04-11 00:51:10.656 [info] > git status -z -uall [11ms]
2025-04-11 00:51:15.679 [info] > git config --get commit.template [9ms]
2025-04-11 00:51:15.680 [info] > git for-each-ref --format=%(refname)%00%(upstream:short)%00%(objectname)%00%(upstream:track)%00%(upstream:remotename)%00%(upstream:remoteref) refs/heads/master refs/remotes/master [2ms]
2025-04-11 00:51:15.694 [info] > git for-each-ref --sort -committerdate --format %(refname)%00%(objectname)%00%(*objectname) [1ms]
2025-04-11 00:51:15.698 [info] > git status -z -uall [11ms]
2025-04-11 00:51:24.706 [info] > git config --get commit.template [5ms]
2025-04-11 00:51:24.706 [info] > git for-each-ref --format=%(refname)%00%(upstream:short)%00%(objectname)%00%(upstream:track)%00%(upstream:remotename)%00%(upstream:remoteref) refs/heads/master refs/remotes/master [1ms]
2025-04-11 00:51:24.719 [info] > git for-each-ref --sort -committerdate --format %(refname)%00%(objectname)%00%(*objectname) [1ms]
2025-04-11 00:51:24.723 [info] > git status -z -uall [11ms]
2025-04-11 00:51:37.107 [info] > git config --get commit.template [1ms]
2025-04-11 00:51:37.114 [info] > git for-each-ref --format=%(refname)%00%(upstream:short)%00%(objectname)%00%(upstream:track)%00%(upstream:remotename)%00%(upstream:remoteref) refs/heads/master refs/remotes/master [1ms]
2025-04-11 00:51:37.128 [info] > git for-each-ref --sort -committerdate --format %(refname)%00%(objectname)%00%(*objectname) [2ms]
2025-04-11 00:51:37.131 [info] > git status -z -uall [11ms]
2025-04-11 00:51:42.144 [info] > git config --get commit.template [2ms]
2025-04-11 00:51:42.152 [info] > git for-each-ref --format=%(refname)%00%(upstream:short)%00%(objectname)%00%(upstream:track)%00%(upstream:remotename)%00%(upstream:remoteref) refs/heads/master refs/remotes/master [1ms]
2025-04-11 00:51:42.165 [info] > git for-each-ref --sort -committerdate --format %(refname)%00%(objectname)%00%(*objectname) [1ms]
2025-04-11 00:51:42.169 [info] > git status -z -uall [11ms]
