2025-04-09 19:22:04.445 [info] Extension host with pid 7056 started
2025-04-09 19:22:04.445 [info] Skipping acquiring lock for /root/Desktop/Environments/App/App/~/.vscode-root/User/workspaceStorage/613d6a61091fa8c02d4b3c399d99eab8.
2025-04-09 19:22:04.617 [info] ExtensionService#_doActivateExtension vscode.github-authentication, startup: false, activationEvent: 'onAuthenticationRequest:github'
2025-04-09 19:22:04.642 [info] ExtensionService#_doActivateExtension mechatroner.rainbow-csv, startup: false, activationEvent: 'onLanguage:plaintext'
2025-04-09 19:22:04.647 [info] ExtensionService#_doActivateExtension vscode.emmet, startup: false, activationEvent: 'onLanguage'
2025-04-09 19:22:04.663 [info] ExtensionService#_doActivateExtension ms-python.python, startup: false, activationEvent: 'onLanguage:python', root cause: ms-python.debugpy
2025-04-09 19:22:04.863 [info] ExtensionService#_doActivateExtension VisualStudioExptTeam.intellicode-api-usage-examples, startup: false, activationEvent: 'onLanguage:python'
2025-04-09 19:22:04.976 [info] ExtensionService#_doActivateExtension VisualStudioExptTeam.vscodeintellicode, startup: false, activationEvent: 'onLanguage:python'
2025-04-09 19:22:05.209 [info] ExtensionService#_doActivateExtension ms-python.debugpy, startup: false, activationEvent: 'onLanguage:python'
2025-04-09 19:22:05.270 [info] ExtensionService#_doActivateExtension ms-python.vscode-pylance, startup: false, activationEvent: 'onLanguage:python'
2025-04-09 19:22:05.801 [info] ExtensionService#_doActivateExtension vscode.git-base, startup: true, activationEvent: '*', root cause: vscode.git
2025-04-09 19:22:05.866 [info] ExtensionService#_doActivateExtension vscode.git, startup: true, activationEvent: '*'
2025-04-09 19:22:05.896 [info] ExtensionService#_doActivateExtension vscode.github, startup: true, activationEvent: '*'
2025-04-09 19:22:05.982 [info] Eager extensions activated
2025-04-09 19:22:05.992 [info] ExtensionService#_doActivateExtension vscode.debug-auto-launch, startup: false, activationEvent: 'onStartupFinished'
2025-04-09 19:22:05.994 [info] ExtensionService#_doActivateExtension vscode.merge-conflict, startup: false, activationEvent: 'onStartupFinished'
2025-04-09 19:50:22.029 [info] Extension host terminating: renderer closed the MessagePort
2025-04-09 19:50:22.050 [error] Canceled: Canceled
	at new HR (file:///usr/share/code/resources/app/out/vs/workbench/api/node/extensionHostProcess.js:29:111362)
	at i4.U (file:///usr/share/code/resources/app/out/vs/workbench/api/node/extensionHostProcess.js:29:115973)
	at s.<computed>.n.charCodeAt.s.<computed> (file:///usr/share/code/resources/app/out/vs/workbench/api/node/extensionHostProcess.js:29:113467)
	at vw.g (file:///usr/share/code/resources/app/out/vs/workbench/api/node/extensionHostProcess.js:111:41039)
	at vw.executeCommand (file:///usr/share/code/resources/app/out/vs/workbench/api/node/extensionHostProcess.js:111:40543)
	at r.registerCommand.description (file:///usr/share/code/resources/app/out/vs/workbench/api/node/extensionHostProcess.js:111:39873)
	at vw.h (file:///usr/share/code/resources/app/out/vs/workbench/api/node/extensionHostProcess.js:111:41559)
	at vw.g (file:///usr/share/code/resources/app/out/vs/workbench/api/node/extensionHostProcess.js:111:40636)
	at vw.executeCommand (file:///usr/share/code/resources/app/out/vs/workbench/api/node/extensionHostProcess.js:111:40543)
	at Object.executeCommand (file:///usr/share/code/resources/app/out/vs/workbench/api/node/extensionHostProcess.js:173:30346)
	at Th.L [as value] (/usr/share/code/resources/app/extensions/git/dist/main.js:2:511809)
	at D.B (file:///usr/share/code/resources/app/out/vs/workbench/api/node/extensionHostProcess.js:27:2375)
	at D.C (file:///usr/share/code/resources/app/out/vs/workbench/api/node/extensionHostProcess.js:27:2445)
	at D.fire (file:///usr/share/code/resources/app/out/vs/workbench/api/node/extensionHostProcess.js:27:2662)
	at Object.g [as dispose] (/usr/share/code/resources/app/extensions/git/dist/main.js:2:534449)
	at /usr/share/code/resources/app/extensions/git/dist/main.js:2:540767
	at Array.forEach (<anonymous>)
	at b.dispose (/usr/share/code/resources/app/extensions/git/dist/main.js:2:540753)
	at iv.<anonymous> (file:///usr/share/code/resources/app/out/vs/workbench/api/node/extensionHostProcess.js:107:8922)
	at iv.dispose (file:///usr/share/code/resources/app/out/vs/workbench/api/node/extensionHostProcess.js:107:9018)
	at iv.<anonymous> (/usr/share/code/resources/app/extensions/git/dist/main.js:2:514293)
	at iv.dispose (file:///usr/share/code/resources/app/out/vs/workbench/api/node/extensionHostProcess.js:107:9018)
	at pi (file:///usr/share/code/resources/app/out/vs/workbench/api/node/extensionHostProcess.js:25:701)
	at file:///usr/share/code/resources/app/out/vs/workbench/api/node/extensionHostProcess.js:115:14994
	at file:///usr/share/code/resources/app/out/vs/workbench/api/node/extensionHostProcess.js:25:1011
	at Object.dispose (file:///usr/share/code/resources/app/out/vs/workbench/api/node/extensionHostProcess.js:8:705)
	at vV.eb (file:///usr/share/code/resources/app/out/vs/workbench/api/node/extensionHostProcess.js:115:11921)
	at file:///usr/share/code/resources/app/out/vs/workbench/api/node/extensionHostProcess.js:115:9876
	at Array.map (<anonymous>)
	at vV.$ (file:///usr/share/code/resources/app/out/vs/workbench/api/node/extensionHostProcess.js:115:9864)
	at vV.terminate (file:///usr/share/code/resources/app/out/vs/workbench/api/node/extensionHostProcess.js:115:10107)
	at oD.terminate (file:///usr/share/code/resources/app/out/vs/workbench/api/node/extensionHostProcess.js:116:1434)
	at es (file:///usr/share/code/resources/app/out/vs/workbench/api/node/extensionHostProcess.js:197:5701)
	at MessagePortMain.<anonymous> (file:///usr/share/code/resources/app/out/vs/workbench/api/node/extensionHostProcess.js:197:2249)
	at MessagePortMain.emit (node:events:518:28)
	at MessagePortMain._internalPort.emit (node:electron/js2c/utility_init:2:2949) setContext undefined
2025-04-09 19:50:22.050 [error] Canceled: Canceled
	at new HR (file:///usr/share/code/resources/app/out/vs/workbench/api/node/extensionHostProcess.js:29:111362)
	at i4.U (file:///usr/share/code/resources/app/out/vs/workbench/api/node/extensionHostProcess.js:29:115973)
	at s.<computed>.n.charCodeAt.s.<computed> (file:///usr/share/code/resources/app/out/vs/workbench/api/node/extensionHostProcess.js:29:113467)
	at vw.g (file:///usr/share/code/resources/app/out/vs/workbench/api/node/extensionHostProcess.js:111:41039)
	at vw.executeCommand (file:///usr/share/code/resources/app/out/vs/workbench/api/node/extensionHostProcess.js:111:40543)
	at r.registerCommand.description (file:///usr/share/code/resources/app/out/vs/workbench/api/node/extensionHostProcess.js:111:39873)
	at vw.h (file:///usr/share/code/resources/app/out/vs/workbench/api/node/extensionHostProcess.js:111:41559)
	at vw.g (file:///usr/share/code/resources/app/out/vs/workbench/api/node/extensionHostProcess.js:111:40636)
	at vw.executeCommand (file:///usr/share/code/resources/app/out/vs/workbench/api/node/extensionHostProcess.js:111:40543)
	at Object.executeCommand (file:///usr/share/code/resources/app/out/vs/workbench/api/node/extensionHostProcess.js:173:30346)
	at set hasGitHubRepositories (/usr/share/code/resources/app/extensions/github/dist/extension.js:2:217805)
	at /usr/share/code/resources/app/extensions/github/dist/extension.js:2:218764
	at Th.value (/usr/share/code/resources/app/extensions/git/dist/main.js:2:631688)
	at D.B (file:///usr/share/code/resources/app/out/vs/workbench/api/node/extensionHostProcess.js:27:2375)
	at D.C (file:///usr/share/code/resources/app/out/vs/workbench/api/node/extensionHostProcess.js:27:2445)
	at D.fire (file:///usr/share/code/resources/app/out/vs/workbench/api/node/extensionHostProcess.js:27:2662)
	at Object.g [as dispose] (/usr/share/code/resources/app/extensions/git/dist/main.js:2:534449)
	at /usr/share/code/resources/app/extensions/git/dist/main.js:2:540767
	at Array.forEach (<anonymous>)
	at b.dispose (/usr/share/code/resources/app/extensions/git/dist/main.js:2:540753)
	at iv.<anonymous> (file:///usr/share/code/resources/app/out/vs/workbench/api/node/extensionHostProcess.js:107:8922)
	at iv.dispose (file:///usr/share/code/resources/app/out/vs/workbench/api/node/extensionHostProcess.js:107:9018)
	at iv.<anonymous> (/usr/share/code/resources/app/extensions/git/dist/main.js:2:514293)
	at iv.dispose (file:///usr/share/code/resources/app/out/vs/workbench/api/node/extensionHostProcess.js:107:9018)
	at pi (file:///usr/share/code/resources/app/out/vs/workbench/api/node/extensionHostProcess.js:25:701)
	at file:///usr/share/code/resources/app/out/vs/workbench/api/node/extensionHostProcess.js:115:14994
	at file:///usr/share/code/resources/app/out/vs/workbench/api/node/extensionHostProcess.js:25:1011
	at Object.dispose (file:///usr/share/code/resources/app/out/vs/workbench/api/node/extensionHostProcess.js:8:705)
	at vV.eb (file:///usr/share/code/resources/app/out/vs/workbench/api/node/extensionHostProcess.js:115:11921)
	at file:///usr/share/code/resources/app/out/vs/workbench/api/node/extensionHostProcess.js:115:9876
	at Array.map (<anonymous>)
	at vV.$ (file:///usr/share/code/resources/app/out/vs/workbench/api/node/extensionHostProcess.js:115:9864)
	at vV.terminate (file:///usr/share/code/resources/app/out/vs/workbench/api/node/extensionHostProcess.js:115:10107)
	at oD.terminate (file:///usr/share/code/resources/app/out/vs/workbench/api/node/extensionHostProcess.js:116:1434)
	at es (file:///usr/share/code/resources/app/out/vs/workbench/api/node/extensionHostProcess.js:197:5701)
	at MessagePortMain.<anonymous> (file:///usr/share/code/resources/app/out/vs/workbench/api/node/extensionHostProcess.js:197:2249)
	at MessagePortMain.emit (node:events:518:28)
	at MessagePortMain._internalPort.emit (node:electron/js2c/utility_init:2:2949) setContext undefined
2025-04-09 19:50:22.054 [info] Extension host with pid 7056 exiting with code 0
