2025-04-09 19:22:05.796 [info] Reading sessions from keychain...
2025-04-09 19:22:05.796 [info] Getting sessions for all scopes...
2025-04-09 19:22:05.796 [info] Getting sessions for all scopes...
2025-04-09 19:22:05.796 [info] Getting sessions for all scopes...
2025-04-09 19:22:05.796 [info] Getting sessions for all scopes...
2025-04-09 19:22:05.796 [info] Getting sessions for all scopes...
2025-04-09 19:22:05.796 [info] Getting sessions for all scopes...
2025-04-09 19:22:05.796 [info] Getting sessions for all scopes...
2025-04-09 19:22:05.796 [info] Getting sessions for all scopes...
2025-04-09 19:22:05.796 [info] Getting sessions for all scopes...
2025-04-09 19:22:05.796 [info] Got 0 sessions for ...
2025-04-09 19:22:05.796 [info] Got 0 sessions for ...
2025-04-09 19:22:05.796 [info] Got 0 sessions for ...
2025-04-09 19:22:05.796 [info] Got 0 sessions for ...
2025-04-09 19:22:05.796 [info] Got 0 sessions for ...
2025-04-09 19:22:05.796 [info] Got 0 sessions for ...
2025-04-09 19:22:05.796 [info] Got 0 sessions for ...
2025-04-09 19:22:05.796 [info] Got 0 sessions for ...
2025-04-09 19:22:05.796 [info] Got 0 sessions for ...
2025-04-09 19:22:06.163 [info] Getting sessions for read:user,repo,user:email,workflow...
2025-04-09 19:22:06.163 [info] Got 0 sessions for read:user,repo,user:email,workflow...
2025-04-09 19:22:06.477 [info] Getting sessions for all scopes...
2025-04-09 19:22:06.477 [info] Got 0 sessions for ...
