2025-04-10 10:56:14.239 [info] (Client) Pylance async client (2025.4.1) started with python extension (2025.4.0)
2025-04-10 10:56:14.688 [info] [Info  - 10:56:14] (24273) Server root directory: file:///root/.vscode/extensions/ms-python.vscode-pylance-2025.4.1/dist
2025-04-10 10:56:14.689 [info] [Info  - 10:56:14] (24273) Pylance language server 2025.4.1 (pyright version 1.1.398, commit 4f24eccc) starting
2025-04-10 10:56:14.689 [info] [Info  - 10:56:14] (24273) Starting service instance "App" for workspace "/root/Desktop/Environments/App"
2025-04-10 10:56:14.729 [info] [Info  - 10:56:14] (24273) Setting environmentName for service "App": "3.13.2 (venv venv)"
2025-04-10 10:56:14.729 [info] [Info  - 10:56:14] (24273) Setting pythonPath for service "App": "/root/Desktop/Environments/App/venv/bin/python"
2025-04-10 10:56:14.730 [info] [Info  - 10:56:14] (24273) No include entries specified; assuming /root/Desktop/Environments/App
2025-04-10 10:56:14.730 [info] [Info  - 10:56:14] (24273) Auto-excluding **/node_modules
2025-04-10 10:56:14.730 [info] [Info  - 10:56:14] (24273) Auto-excluding **/__pycache__
2025-04-10 10:56:14.730 [info] [Info  - 10:56:14] (24273) Auto-excluding **/.*
2025-04-10 10:56:14.746 [info] [Info  - 10:56:14] (24273) Assuming Python version 3.13.2.final.0
2025-04-10 10:56:14.857 [info] [Info  - 10:56:14] (24273) Auto-excluding /root/Desktop/Environments/App/venv
2025-04-10 10:56:14.860 [info] [Info  - 10:56:14] (24273) Found 1 source file
2025-04-10 10:56:14.880 [info] [Info  - 10:56:14] (24273) Setting environmentName for service "App": "3.13.2 (venv venv)"
2025-04-10 10:56:14.881 [info] [Info  - 10:56:14] (24273) Setting pythonPath for service "App": "/root/Desktop/Environments/App/venv/bin/python"
2025-04-10 10:56:14.881 [info] [Info  - 10:56:14] (24273) No include entries specified; assuming /root/Desktop/Environments/App
2025-04-10 10:56:14.881 [info] [Info  - 10:56:14] (24273) Auto-excluding **/node_modules
2025-04-10 10:56:14.881 [info] [Info  - 10:56:14] (24273) Auto-excluding **/__pycache__
2025-04-10 10:56:14.881 [info] [Info  - 10:56:14] (24273) Auto-excluding **/.*
2025-04-10 10:56:14.898 [info] [Info  - 10:56:14] (24273) Assuming Python version 3.13.2.final.0
2025-04-10 10:56:14.946 [info] [Info  - 10:56:14] (24273) Auto-excluding /root/Desktop/Environments/App/venv
2025-04-10 10:56:14.946 [info] [Info  - 10:56:14] (24273) Found 1 source file
2025-04-10 10:56:15.224 [info] [Info  - 10:56:15] (24273) BG: Priority queue background worker(2) root directory: file:///root/.vscode/extensions/ms-python.vscode-pylance-2025.4.1/dist
2025-04-10 10:56:15.224 [info] [Info  - 10:56:15] (24273) BG: Priority queue background worker(2) started
2025-04-10 11:02:26.952 [info] [Info  - 11:02:26] (24273) Starting service instance "<default>" for workspace ""
2025-04-10 11:02:26.999 [info] [Info  - 11:02:26] (24273) Setting environmentName for service "<default>": "3.13.2 (venv venv)"
2025-04-10 11:02:26.999 [info] [Info  - 11:02:26] (24273) Setting pythonPath for service "<default>": "/root/Desktop/Environments/App/venv/bin/python"
2025-04-10 11:02:26.999 [info] [Info  - 11:02:26] (24273) No include entries specified; assuming /<default workspace root>
2025-04-10 11:02:26.999 [info] [Info  - 11:02:26] (24273) Auto-excluding **/node_modules
2025-04-10 11:02:26.999 [info] [Info  - 11:02:26] (24273) Auto-excluding **/__pycache__
2025-04-10 11:02:26.999 [info] [Info  - 11:02:26] (24273) Auto-excluding **/.*
2025-04-10 11:02:27.034 [info] [Info  - 11:02:27] (24273) Assuming Python version 3.13.2.final.0
2025-04-10 11:02:27.119 [info] [Error - 11:02:27] (24273) File or directory "/<default workspace root>" does not exist.
2025-04-10 11:02:27.119 [info] [Info  - 11:02:27] (24273) No source files found.
2025-04-10 11:02:27.383 [info] [Info  - 11:02:27] (24273) BG: Indexer background runner(3) root directory: file:///root/.vscode/extensions/ms-python.vscode-pylance-2025.4.1/dist (index)
2025-04-10 11:02:27.383 [info] [Info  - 11:02:27] (24273) BG: Indexing(3) started
2025-04-10 11:02:27.954 [info] [Info  - 11:02:27] (24273) BG: Priority queue background worker(5) root directory: file:///root/.vscode/extensions/ms-python.vscode-pylance-2025.4.1/dist
2025-04-10 11:02:27.955 [info] [Info  - 11:02:27] (24273) BG: Priority queue background worker(5) started
2025-04-10 11:02:28.203 [info] [Info  - 11:02:28] (24273) BG: scanned(3) 8 files over 1 exec env
2025-04-10 11:02:28.276 [info] [Info  - 11:02:28] (24273) BG: indexed(3) 8 files over 1 exec env
2025-04-10 11:02:28.289 [info] [Info  - 11:02:28] (24273) BG: Indexing finished(3).
2025-04-10 11:06:22.278 [info] [Info  - 11:06:22] (24273) Auto-excluding /root/Desktop/Environments/App/venv
2025-04-10 11:06:22.285 [info] [Info  - 11:06:22] (24273) Found 2 source files
2025-04-10 11:07:13.462 [info] [Info  - 11:07:13] (24273) Auto-excluding /root/Desktop/Environments/App/venv
2025-04-10 11:07:13.470 [info] [Info  - 11:07:13] (24273) Found 3 source files
