2025-04-10 11:46:33.995 [info] [main] Log level: Info
2025-04-10 11:46:33.995 [info] [main] Validating found git in: "git"
2025-04-10 11:46:33.995 [info] [main] Using git "2.47.2" from "git"
2025-04-10 11:46:33.995 [info] [Model][doInitialScan] Initial repository scan started
2025-04-10 11:46:33.995 [info] > git rev-parse --show-toplevel [3ms]
2025-04-10 11:46:33.995 [info] > git rev-parse --git-dir --git-common-dir [3ms]
2025-04-10 11:46:33.995 [info] [Model][openRepository] Opened repository: /root/Desktop/Environments/App
2025-04-10 11:46:34.007 [info] > git rev-parse --show-toplevel [2ms]
2025-04-10 11:46:34.008 [info] > git config --get commit.template [8ms]
2025-04-10 11:46:34.022 [info] > git rev-parse --show-toplevel [8ms]
2025-04-10 11:46:34.043 [info] > git rev-parse --show-toplevel [16ms]
2025-04-10 11:46:34.044 [info] [Model][doInitialScan] Initial repository scan completed - repositories (1), closed repositories (0), parent repositories (0), unsafe repositories (0)
2025-04-10 11:46:34.045 [info] > git for-each-ref --format=%(refname)%00%(upstream:short)%00%(objectname)%00%(upstream:track)%00%(upstream:remotename)%00%(upstream:remoteref) refs/heads/master refs/remotes/master [24ms]
2025-04-10 11:46:34.066 [info] > git for-each-ref --sort -committerdate --format %(refname)%00%(objectname)%00%(*objectname) [1ms]
2025-04-10 11:46:34.071 [info] > git status -z -uall [12ms]
2025-04-10 11:46:34.120 [info] > git for-each-ref --format=%(refname)%00%(upstream:short)%00%(objectname)%00%(upstream:track)%00%(upstream:remotename)%00%(upstream:remoteref) refs/heads/master refs/remotes/master [26ms]
2025-04-10 11:46:34.126 [info] > git config --get --local branch.master.vscode-merge-base [2ms]
2025-04-10 11:46:34.126 [warning] [Git][config] git config failed: Failed to execute git
2025-04-10 11:46:34.130 [info] > git config --get commit.template [11ms]
2025-04-10 11:46:34.136 [info] > git reflog master --grep-reflog=branch: Created from *. [6ms]
2025-04-10 11:46:34.140 [info] > git for-each-ref --format=%(refname)%00%(upstream:short)%00%(objectname)%00%(upstream:track)%00%(upstream:remotename)%00%(upstream:remoteref) refs/heads/master refs/remotes/master [5ms]
2025-04-10 11:46:34.141 [info] > git symbolic-ref --short refs/remotes/origin/HEAD [1ms]
2025-04-10 11:46:34.141 [info] fatal: ref refs/remotes/origin/HEAD is not a symbolic ref
2025-04-10 11:46:34.141 [warning] [Repository][getDefaultBranch] Failed to get default branch details: Failed to execute git.
2025-04-10 11:46:34.147 [info] > git merge-base refs/heads/master refs/remotes/origin/master [2ms]
2025-04-10 11:46:34.161 [info] > git diff --name-status -z --diff-filter=ADMR 5ed836ec092ced3830cbbba0fb29e0c59d1b74ea...refs/remotes/origin/master [9ms]
2025-04-10 11:46:34.162 [info] > git status -z -uall [6ms]
2025-04-10 11:46:34.162 [info] > git for-each-ref --sort -committerdate --format %(refname)%00%(objectname)%00%(*objectname) [2ms]
2025-04-10 11:46:34.511 [info] > git check-ignore -v -z --stdin [1ms]
2025-04-10 11:46:36.121 [info] > git check-ignore -v -z --stdin [0ms]
2025-04-10 11:46:37.099 [info] > git config --get commit.template [4ms]
2025-04-10 11:46:37.099 [info] > git for-each-ref --format=%(refname)%00%(upstream:short)%00%(objectname)%00%(upstream:track)%00%(upstream:remotename)%00%(upstream:remoteref) refs/heads/master refs/remotes/master [0ms]
2025-04-10 11:46:37.107 [info] > git status -z -uall [4ms]
2025-04-10 11:46:37.108 [info] > git for-each-ref --sort -committerdate --format %(refname)%00%(objectname)%00%(*objectname) [1ms]
2025-04-10 11:46:38.502 [info] > git show --textconv :App/info.py [26ms]
2025-04-10 11:46:38.506 [info] > git ls-files --stage -- App/info.py [21ms]
2025-04-10 11:46:38.525 [info] > git cat-file -s e5271c941730b26ee8d8873ac9d5945fbc8e3bd7 [1ms]
2025-04-10 11:47:28.739 [info] > git config --get commit.template [2ms]
2025-04-10 11:47:28.752 [info] > git for-each-ref --format=%(refname)%00%(upstream:short)%00%(objectname)%00%(upstream:track)%00%(upstream:remotename)%00%(upstream:remoteref) refs/heads/master refs/remotes/master [4ms]
2025-04-10 11:47:28.774 [info] > git status -z -uall [11ms]
2025-04-10 11:47:28.775 [info] > git for-each-ref --sort -committerdate --format %(refname)%00%(objectname)%00%(*objectname) [2ms]
2025-04-10 11:47:29.394 [info] > git blame --root --incremental 5ed836ec092ced3830cbbba0fb29e0c59d1b74ea -- App/info.py [17ms]
2025-04-10 11:47:33.802 [info] > git config --get commit.template [11ms]
2025-04-10 11:47:33.803 [info] > git for-each-ref --format=%(refname)%00%(upstream:short)%00%(objectname)%00%(upstream:track)%00%(upstream:remotename)%00%(upstream:remoteref) refs/heads/master refs/remotes/master [2ms]
2025-04-10 11:47:33.820 [info] > git for-each-ref --sort -committerdate --format %(refname)%00%(objectname)%00%(*objectname) [1ms]
2025-04-10 11:47:33.822 [info] > git status -z -uall [10ms]
2025-04-10 12:12:08.363 [info] > git config --get commit.template [8ms]
2025-04-10 12:12:08.363 [info] > git for-each-ref --format=%(refname)%00%(upstream:short)%00%(objectname)%00%(upstream:track)%00%(upstream:remotename)%00%(upstream:remoteref) refs/heads/master refs/remotes/master [1ms]
2025-04-10 12:12:08.375 [info] > git status -z -uall [6ms]
2025-04-10 12:12:08.377 [info] > git for-each-ref --sort -committerdate --format %(refname)%00%(objectname)%00%(*objectname) [2ms]
2025-04-10 12:12:13.653 [info] > git for-each-ref --format=%(refname)%00%(upstream:short)%00%(objectname)%00%(upstream:track)%00%(upstream:remotename)%00%(upstream:remoteref) refs/heads/master refs/remotes/master [2ms]
2025-04-10 12:12:13.653 [info] > git config --get commit.template [8ms]
2025-04-10 12:12:13.665 [info] > git status -z -uall [7ms]
2025-04-10 12:12:13.666 [info] > git for-each-ref --sort -committerdate --format %(refname)%00%(objectname)%00%(*objectname) [2ms]
2025-04-10 12:13:16.837 [info] > git for-each-ref --format=%(refname)%00%(upstream:short)%00%(objectname)%00%(upstream:track)%00%(upstream:remotename)%00%(upstream:remoteref) refs/heads/master refs/remotes/master [2ms]
2025-04-10 12:13:16.837 [info] > git config --get commit.template [13ms]
2025-04-10 12:13:16.853 [info] > git status -z -uall [9ms]
2025-04-10 12:13:16.854 [info] > git for-each-ref --sort -committerdate --format %(refname)%00%(objectname)%00%(*objectname) [3ms]
2025-04-10 12:13:21.876 [info] > git config --get commit.template [7ms]
2025-04-10 12:13:21.878 [info] > git for-each-ref --format=%(refname)%00%(upstream:short)%00%(objectname)%00%(upstream:track)%00%(upstream:remotename)%00%(upstream:remoteref) refs/heads/master refs/remotes/master [2ms]
2025-04-10 12:13:21.894 [info] > git for-each-ref --sort -committerdate --format %(refname)%00%(objectname)%00%(*objectname) [2ms]
2025-04-10 12:13:21.895 [info] > git status -z -uall [9ms]
2025-04-10 12:13:26.912 [info] > git config --get commit.template [2ms]
2025-04-10 12:13:26.928 [info] > git for-each-ref --format=%(refname)%00%(upstream:short)%00%(objectname)%00%(upstream:track)%00%(upstream:remotename)%00%(upstream:remoteref) refs/heads/master refs/remotes/master [3ms]
2025-04-10 12:13:26.953 [info] > git status -z -uall [14ms]
2025-04-10 12:13:26.955 [info] > git for-each-ref --sort -committerdate --format %(refname)%00%(objectname)%00%(*objectname) [6ms]
2025-04-10 12:13:31.982 [info] > git config --get commit.template [9ms]
2025-04-10 12:13:31.983 [info] > git for-each-ref --format=%(refname)%00%(upstream:short)%00%(objectname)%00%(upstream:track)%00%(upstream:remotename)%00%(upstream:remoteref) refs/heads/master refs/remotes/master [1ms]
2025-04-10 12:13:31.996 [info] > git for-each-ref --sort -committerdate --format %(refname)%00%(objectname)%00%(*objectname) [1ms]
2025-04-10 12:13:31.997 [info] > git status -z -uall [7ms]
2025-04-10 12:13:37.012 [info] > git config --get commit.template [4ms]
2025-04-10 12:13:37.013 [info] > git for-each-ref --format=%(refname)%00%(upstream:short)%00%(objectname)%00%(upstream:track)%00%(upstream:remotename)%00%(upstream:remoteref) refs/heads/master refs/remotes/master [1ms]
2025-04-10 12:13:37.023 [info] > git for-each-ref --sort -committerdate --format %(refname)%00%(objectname)%00%(*objectname) [0ms]
2025-04-10 12:13:37.023 [info] > git status -z -uall [6ms]
2025-04-10 12:13:42.038 [info] > git config --get commit.template [7ms]
2025-04-10 12:13:42.039 [info] > git for-each-ref --format=%(refname)%00%(upstream:short)%00%(objectname)%00%(upstream:track)%00%(upstream:remotename)%00%(upstream:remoteref) refs/heads/master refs/remotes/master [1ms]
2025-04-10 12:13:42.050 [info] > git status -z -uall [5ms]
2025-04-10 12:13:42.051 [info] > git for-each-ref --sort -committerdate --format %(refname)%00%(objectname)%00%(*objectname) [2ms]
2025-04-10 12:13:47.076 [info] > git config --get commit.template [11ms]
2025-04-10 12:13:47.077 [info] > git for-each-ref --format=%(refname)%00%(upstream:short)%00%(objectname)%00%(upstream:track)%00%(upstream:remotename)%00%(upstream:remoteref) refs/heads/master refs/remotes/master [2ms]
2025-04-10 12:13:47.095 [info] > git for-each-ref --sort -committerdate --format %(refname)%00%(objectname)%00%(*objectname) [1ms]
2025-04-10 12:13:47.097 [info] > git status -z -uall [11ms]
2025-04-10 12:14:07.258 [info] > git config --get commit.template [9ms]
2025-04-10 12:14:07.259 [info] > git for-each-ref --format=%(refname)%00%(upstream:short)%00%(objectname)%00%(upstream:track)%00%(upstream:remotename)%00%(upstream:remoteref) refs/heads/master refs/remotes/master [1ms]
2025-04-10 12:14:07.272 [info] > git status -z -uall [7ms]
2025-04-10 12:14:07.273 [info] > git for-each-ref --sort -committerdate --format %(refname)%00%(objectname)%00%(*objectname) [2ms]
2025-04-10 12:15:20.629 [info] > git config --get commit.template [1ms]
2025-04-10 12:15:20.637 [info] > git for-each-ref --format=%(refname)%00%(upstream:short)%00%(objectname)%00%(upstream:track)%00%(upstream:remotename)%00%(upstream:remoteref) refs/heads/master refs/remotes/master [1ms]
2025-04-10 12:15:20.650 [info] > git status -z -uall [6ms]
2025-04-10 12:15:20.651 [info] > git for-each-ref --sort -committerdate --format %(refname)%00%(objectname)%00%(*objectname) [2ms]
2025-04-10 12:15:25.677 [info] > git config --get commit.template [10ms]
2025-04-10 12:15:25.678 [info] > git for-each-ref --format=%(refname)%00%(upstream:short)%00%(objectname)%00%(upstream:track)%00%(upstream:remotename)%00%(upstream:remoteref) refs/heads/master refs/remotes/master [2ms]
2025-04-10 12:15:25.693 [info] > git status -z -uall [7ms]
2025-04-10 12:15:25.693 [info] > git for-each-ref --sort -committerdate --format %(refname)%00%(objectname)%00%(*objectname) [1ms]
2025-04-10 12:15:46.780 [info] > git config --get commit.template [9ms]
2025-04-10 12:15:46.781 [info] > git for-each-ref --format=%(refname)%00%(upstream:short)%00%(objectname)%00%(upstream:track)%00%(upstream:remotename)%00%(upstream:remoteref) refs/heads/master refs/remotes/master [2ms]
2025-04-10 12:15:46.792 [info] > git status -z -uall [6ms]
2025-04-10 12:15:46.793 [info] > git for-each-ref --sort -committerdate --format %(refname)%00%(objectname)%00%(*objectname) [1ms]
2025-04-10 12:15:58.209 [info] > git config --get commit.template [10ms]
2025-04-10 12:15:58.211 [info] > git for-each-ref --format=%(refname)%00%(upstream:short)%00%(objectname)%00%(upstream:track)%00%(upstream:remotename)%00%(upstream:remoteref) refs/heads/master refs/remotes/master [3ms]
2025-04-10 12:15:58.228 [info] > git for-each-ref --sort -committerdate --format %(refname)%00%(objectname)%00%(*objectname) [1ms]
2025-04-10 12:15:58.229 [info] > git status -z -uall [9ms]
