2025-04-10 10:56:11.844 [info] Reading sessions from keychain...
2025-04-10 10:56:11.844 [info] Getting sessions for all scopes...
2025-04-10 10:56:11.844 [info] Getting sessions for all scopes...
2025-04-10 10:56:11.844 [info] Getting sessions for all scopes...
2025-04-10 10:56:11.844 [info] Getting sessions for all scopes...
2025-04-10 10:56:11.844 [info] Getting sessions for all scopes...
2025-04-10 10:56:11.844 [info] Getting sessions for all scopes...
2025-04-10 10:56:11.844 [info] Getting sessions for all scopes...
2025-04-10 10:56:11.844 [info] Got 0 sessions for ...
2025-04-10 10:56:11.844 [info] Got 0 sessions for ...
2025-04-10 10:56:11.844 [info] Got 0 sessions for ...
2025-04-10 10:56:11.844 [info] Got 0 sessions for ...
2025-04-10 10:56:11.844 [info] Got 0 sessions for ...
2025-04-10 10:56:11.844 [info] Got 0 sessions for ...
2025-04-10 10:56:11.844 [info] Got 0 sessions for ...
2025-04-10 10:56:11.928 [info] Getting sessions for all scopes...
2025-04-10 10:56:11.928 [info] Got 0 sessions for ...
2025-04-10 10:56:12.099 [info] Getting sessions for all scopes...
2025-04-10 10:56:12.099 [info] Got 0 sessions for ...
2025-04-10 10:56:13.715 [info] Getting sessions for read:user,repo,user:email,workflow...
2025-04-10 10:56:13.715 [info] Got 0 sessions for read:user,repo,user:email,workflow...
2025-04-10 10:56:13.730 [info] Getting sessions for all scopes...
2025-04-10 10:56:13.730 [info] Got 0 sessions for ...
