2025-04-10 19:07:54.645 [info] Reading sessions from keychain...
2025-04-10 19:07:54.645 [info] Getting sessions for all scopes...
2025-04-10 19:07:54.645 [info] Getting sessions for all scopes...
2025-04-10 19:07:54.645 [info] Getting sessions for all scopes...
2025-04-10 19:07:54.645 [info] Got 0 sessions for ...
2025-04-10 19:07:54.645 [info] Got 0 sessions for ...
2025-04-10 19:07:54.645 [info] Got 0 sessions for ...
2025-04-10 19:07:54.645 [info] Getting sessions for all scopes...
2025-04-10 19:07:54.645 [info] Got 0 sessions for ...
2025-04-10 19:07:54.645 [info] Getting sessions for all scopes...
2025-04-10 19:07:54.645 [info] Got 0 sessions for ...
2025-04-10 19:07:54.645 [info] Getting sessions for all scopes...
2025-04-10 19:07:54.645 [info] Got 0 sessions for ...
2025-04-10 19:07:54.645 [info] Getting sessions for all scopes...
2025-04-10 19:07:54.645 [info] Got 0 sessions for ...
2025-04-10 19:07:54.645 [info] Getting sessions for all scopes...
2025-04-10 19:07:54.645 [info] Got 0 sessions for ...
2025-04-10 19:07:54.645 [info] Getting sessions for all scopes...
2025-04-10 19:07:54.645 [info] Got 0 sessions for ...
2025-04-10 19:07:55.232 [info] Getting sessions for read:user,repo,user:email,workflow...
2025-04-10 19:07:55.232 [info] Got 0 sessions for read:user,repo,user:email,workflow...
2025-04-10 19:07:55.464 [info] Getting sessions for read:user,repo,user:email,workflow...
2025-04-10 19:07:55.464 [info] Got 0 sessions for read:user,repo,user:email,workflow...
2025-04-10 19:07:55.495 [info] Getting sessions for all scopes...
2025-04-10 19:07:55.495 [info] Got 0 sessions for ...
