2025-04-09 22:19:00.230 [info] [main] Log level: Info
2025-04-09 22:19:00.230 [info] [main] Validating found git in: "git"
2025-04-09 22:19:00.230 [info] [main] Using git "2.47.2" from "git"
2025-04-09 22:19:00.230 [info] [Model][doInitialScan] Initial repository scan started
2025-04-09 22:19:00.230 [info] > git rev-parse --show-toplevel [35ms]
2025-04-09 22:19:00.230 [info] > git rev-parse --git-dir --git-common-dir [1ms]
2025-04-09 22:19:00.239 [info] [Model][openRepository] Opened repository: /root/Desktop/Environments/App
2025-04-09 22:19:00.258 [info] > git rev-parse --show-toplevel [8ms]
2025-04-09 22:19:00.259 [info] > git config --get commit.template [12ms]
2025-04-09 22:19:00.273 [info] > git rev-parse --show-toplevel [8ms]
2025-04-09 22:19:00.277 [info] > git for-each-ref --format=%(refname)%00%(upstream:short)%00%(objectname)%00%(upstream:track)%00%(upstream:remotename)%00%(upstream:remoteref) refs/heads/master refs/remotes/master [5ms]
2025-04-09 22:19:00.278 [info] > git rev-parse --show-toplevel [2ms]
2025-04-09 22:19:00.305 [info] > git rev-parse --show-toplevel [23ms]
2025-04-09 22:19:00.307 [info] [Model][doInitialScan] Initial repository scan completed - repositories (1), closed repositories (0), parent repositories (0), unsafe repositories (0)
2025-04-09 22:19:00.308 [info] > git status -z -uall [19ms]
2025-04-09 22:19:00.310 [info] > git for-each-ref --sort -committerdate --format %(refname)%00%(objectname)%00%(*objectname) [15ms]
2025-04-09 22:19:00.358 [info] > git for-each-ref --format=%(refname)%00%(upstream:short)%00%(objectname)%00%(upstream:track)%00%(upstream:remotename)%00%(upstream:remoteref) refs/heads/master refs/remotes/master [23ms]
2025-04-09 22:19:00.372 [info] > git config --get --local branch.master.vscode-merge-base [7ms]
2025-04-09 22:19:00.372 [warning] [Git][config] git config failed: Failed to execute git
2025-04-09 22:19:00.378 [info] > git config --get commit.template [21ms]
2025-04-09 22:19:00.387 [info] > git reflog master --grep-reflog=branch: Created from *. [9ms]
2025-04-09 22:19:00.392 [info] > git for-each-ref --format=%(refname)%00%(upstream:short)%00%(objectname)%00%(upstream:track)%00%(upstream:remotename)%00%(upstream:remoteref) refs/heads/master refs/remotes/master [7ms]
2025-04-09 22:19:00.393 [info] > git symbolic-ref --short refs/remotes/origin/HEAD [1ms]
2025-04-09 22:19:00.393 [info] fatal: ref refs/remotes/origin/HEAD is not a symbolic ref
2025-04-09 22:19:00.393 [warning] [Repository][getDefaultBranch] Failed to get default branch details: Failed to execute git.
2025-04-09 22:19:00.405 [info] > git merge-base refs/heads/master refs/remotes/origin/master [6ms]
2025-04-09 22:19:00.423 [info] > git diff --name-status -z --diff-filter=ADMR 520ca16c3d2d4dd34e37c63adf79a781420fc2bf...refs/remotes/origin/master [11ms]
2025-04-09 22:19:00.424 [info] > git for-each-ref --sort -committerdate --format %(refname)%00%(objectname)%00%(*objectname) [1ms]
2025-04-09 22:19:00.427 [info] > git status -z -uall [10ms]
2025-04-09 22:19:00.610 [info] > git show --textconv :App/game.py [6ms]
2025-04-09 22:19:00.612 [info] > git ls-files --stage -- App/game.py [2ms]
2025-04-09 22:19:00.622 [info] > git cat-file -s 7258037bb8f5be0a5d90eb7638cc9d1de316962c [3ms]
2025-04-09 22:19:00.670 [info] > git blame --root --incremental 520ca16c3d2d4dd34e37c63adf79a781420fc2bf -- App/game.py [11ms]
2025-04-09 22:19:00.774 [info] > git check-ignore -v -z --stdin [2ms]
2025-04-09 22:19:04.436 [info] > git config --get commit.template [5ms]
2025-04-09 22:19:04.437 [info] > git for-each-ref --format=%(refname)%00%(upstream:short)%00%(objectname)%00%(upstream:track)%00%(upstream:remotename)%00%(upstream:remoteref) refs/heads/master refs/remotes/master [2ms]
2025-04-09 22:19:04.447 [info] > git for-each-ref --sort -committerdate --format %(refname)%00%(objectname)%00%(*objectname) [0ms]
2025-04-09 22:19:04.451 [info] > git status -z -uall [10ms]
2025-04-09 22:19:04.831 [info] > git show --textconv :App/kid_info.csv [10ms]
2025-04-09 22:19:04.833 [info] > git ls-files --stage -- App/kid_info.csv [3ms]
2025-04-09 22:19:04.842 [info] > git cat-file -s be450cc96d74ca5ea375de965cb400c08bf9be55 [1ms]
2025-04-09 22:19:09.014 [info] > git show --textconv :App/mchat_results.csv [9ms]
2025-04-09 22:19:09.016 [info] > git ls-files --stage -- App/mchat_results.csv [3ms]
2025-04-09 22:19:09.025 [info] > git cat-file -s 05595759d1752faf6a5792e97df683539c6a2f3c [2ms]
2025-04-09 22:19:09.475 [info] > git config --get commit.template [10ms]
2025-04-09 22:19:09.477 [info] > git for-each-ref --format=%(refname)%00%(upstream:short)%00%(objectname)%00%(upstream:track)%00%(upstream:remotename)%00%(upstream:remoteref) refs/heads/master refs/remotes/master [3ms]
2025-04-09 22:19:09.493 [info] > git for-each-ref --sort -committerdate --format %(refname)%00%(objectname)%00%(*objectname) [1ms]
2025-04-09 22:19:09.499 [info] > git status -z -uall [14ms]
2025-04-09 22:19:10.381 [info] > git blame --root --incremental 520ca16c3d2d4dd34e37c63adf79a781420fc2bf -- App/mchat_results.csv [15ms]
2025-04-09 22:19:14.523 [info] > git config --get commit.template [9ms]
2025-04-09 22:19:14.524 [info] > git for-each-ref --format=%(refname)%00%(upstream:short)%00%(objectname)%00%(upstream:track)%00%(upstream:remotename)%00%(upstream:remoteref) refs/heads/master refs/remotes/master [2ms]
2025-04-09 22:19:14.536 [info] > git for-each-ref --sort -committerdate --format %(refname)%00%(objectname)%00%(*objectname) [1ms]
2025-04-09 22:19:14.539 [info] > git status -z -uall [10ms]
2025-04-09 22:19:19.551 [info] > git config --get commit.template [1ms]
2025-04-09 22:19:19.561 [info] > git for-each-ref --format=%(refname)%00%(upstream:short)%00%(objectname)%00%(upstream:track)%00%(upstream:remotename)%00%(upstream:remoteref) refs/heads/master refs/remotes/master [2ms]
2025-04-09 22:19:19.571 [info] > git for-each-ref --sort -committerdate --format %(refname)%00%(objectname)%00%(*objectname) [1ms]
2025-04-09 22:19:19.577 [info] > git status -z -uall [11ms]
2025-04-09 22:19:24.598 [info] > git config --get commit.template [7ms]
2025-04-09 22:19:24.598 [info] > git for-each-ref --format=%(refname)%00%(upstream:short)%00%(objectname)%00%(upstream:track)%00%(upstream:remotename)%00%(upstream:remoteref) refs/heads/master refs/remotes/master [1ms]
2025-04-09 22:19:24.611 [info] > git for-each-ref --sort -committerdate --format %(refname)%00%(objectname)%00%(*objectname) [2ms]
2025-04-09 22:19:24.616 [info] > git status -z -uall [13ms]
2025-04-09 22:19:29.638 [info] > git config --get commit.template [9ms]
2025-04-09 22:19:29.639 [info] > git for-each-ref --format=%(refname)%00%(upstream:short)%00%(objectname)%00%(upstream:track)%00%(upstream:remotename)%00%(upstream:remoteref) refs/heads/master refs/remotes/master [3ms]
2025-04-09 22:19:29.653 [info] > git for-each-ref --sort -committerdate --format %(refname)%00%(objectname)%00%(*objectname) [1ms]
2025-04-09 22:19:29.657 [info] > git status -z -uall [9ms]
2025-04-09 22:19:38.229 [info] > git config --get commit.template [6ms]
2025-04-09 22:19:38.231 [info] > git for-each-ref --format=%(refname)%00%(upstream:short)%00%(objectname)%00%(upstream:track)%00%(upstream:remotename)%00%(upstream:remoteref) refs/heads/master refs/remotes/master [3ms]
2025-04-09 22:19:38.250 [info] > git for-each-ref --sort -committerdate --format %(refname)%00%(objectname)%00%(*objectname) [2ms]
2025-04-09 22:19:38.256 [info] > git status -z -uall [16ms]
2025-04-09 22:19:43.277 [info] > git config --get commit.template [7ms]
2025-04-09 22:19:43.278 [info] > git for-each-ref --format=%(refname)%00%(upstream:short)%00%(objectname)%00%(upstream:track)%00%(upstream:remotename)%00%(upstream:remoteref) refs/heads/master refs/remotes/master [1ms]
2025-04-09 22:19:43.291 [info] > git for-each-ref --sort -committerdate --format %(refname)%00%(objectname)%00%(*objectname) [1ms]
2025-04-09 22:19:43.296 [info] > git status -z -uall [12ms]
2025-04-09 22:19:48.351 [info] > git config --get commit.template [2ms]
2025-04-09 22:19:48.362 [info] > git for-each-ref --format=%(refname)%00%(upstream:short)%00%(objectname)%00%(upstream:track)%00%(upstream:remotename)%00%(upstream:remoteref) refs/heads/master refs/remotes/master [1ms]
2025-04-09 22:19:48.377 [info] > git for-each-ref --sort -committerdate --format %(refname)%00%(objectname)%00%(*objectname) [1ms]
2025-04-09 22:19:48.383 [info] > git status -z -uall [14ms]
2025-04-09 22:19:58.918 [info] > git config --get commit.template [11ms]
2025-04-09 22:19:58.918 [info] > git for-each-ref --format=%(refname)%00%(upstream:short)%00%(objectname)%00%(upstream:track)%00%(upstream:remotename)%00%(upstream:remoteref) refs/heads/master refs/remotes/master [2ms]
2025-04-09 22:19:58.932 [info] > git for-each-ref --sort -committerdate --format %(refname)%00%(objectname)%00%(*objectname) [1ms]
2025-04-09 22:19:58.938 [info] > git status -z -uall [14ms]
2025-04-09 22:20:54.767 [info] > git config --get commit.template [11ms]
2025-04-09 22:20:54.768 [info] > git for-each-ref --format=%(refname)%00%(upstream:short)%00%(objectname)%00%(upstream:track)%00%(upstream:remotename)%00%(upstream:remoteref) refs/heads/master refs/remotes/master [2ms]
2025-04-09 22:20:54.784 [info] > git for-each-ref --sort -committerdate --format %(refname)%00%(objectname)%00%(*objectname) [1ms]
2025-04-09 22:20:54.789 [info] > git status -z -uall [13ms]
2025-04-09 22:20:59.808 [info] > git config --get commit.template [9ms]
2025-04-09 22:20:59.809 [info] > git for-each-ref --format=%(refname)%00%(upstream:short)%00%(objectname)%00%(upstream:track)%00%(upstream:remotename)%00%(upstream:remoteref) refs/heads/master refs/remotes/master [2ms]
2025-04-09 22:20:59.823 [info] > git for-each-ref --sort -committerdate --format %(refname)%00%(objectname)%00%(*objectname) [1ms]
2025-04-09 22:20:59.829 [info] > git status -z -uall [14ms]
2025-04-09 22:21:15.136 [info] > git config --get commit.template [7ms]
2025-04-09 22:21:15.138 [info] > git for-each-ref --format=%(refname)%00%(upstream:short)%00%(objectname)%00%(upstream:track)%00%(upstream:remotename)%00%(upstream:remoteref) refs/heads/master refs/remotes/master [3ms]
2025-04-09 22:21:15.154 [info] > git for-each-ref --sort -committerdate --format %(refname)%00%(objectname)%00%(*objectname) [2ms]
2025-04-09 22:21:15.160 [info] > git status -z -uall [14ms]
2025-04-09 22:21:24.715 [info] > git config --get commit.template [7ms]
2025-04-09 22:21:24.715 [info] > git for-each-ref --format=%(refname)%00%(upstream:short)%00%(objectname)%00%(upstream:track)%00%(upstream:remotename)%00%(upstream:remoteref) refs/heads/master refs/remotes/master [2ms]
2025-04-09 22:21:24.731 [info] > git for-each-ref --sort -committerdate --format %(refname)%00%(objectname)%00%(*objectname) [2ms]
2025-04-09 22:21:24.737 [info] > git status -z -uall [14ms]
2025-04-09 22:21:34.675 [info] > git config --get commit.template [12ms]
2025-04-09 22:21:34.676 [info] > git for-each-ref --format=%(refname)%00%(upstream:short)%00%(objectname)%00%(upstream:track)%00%(upstream:remotename)%00%(upstream:remoteref) refs/heads/master refs/remotes/master [2ms]
2025-04-09 22:21:34.690 [info] > git for-each-ref --sort -committerdate --format %(refname)%00%(objectname)%00%(*objectname) [1ms]
2025-04-09 22:21:34.696 [info] > git status -z -uall [14ms]
2025-04-09 22:22:44.254 [info] > git config --get commit.template [6ms]
2025-04-09 22:22:44.254 [info] > git for-each-ref --format=%(refname)%00%(upstream:short)%00%(objectname)%00%(upstream:track)%00%(upstream:remotename)%00%(upstream:remoteref) refs/heads/master refs/remotes/master [1ms]
2025-04-09 22:22:44.263 [info] > git for-each-ref --sort -committerdate --format %(refname)%00%(objectname)%00%(*objectname) [1ms]
2025-04-09 22:22:44.268 [info] > git status -z -uall [9ms]
2025-04-09 22:22:53.651 [info] > git config --get commit.template [7ms]
2025-04-09 22:22:53.652 [info] > git for-each-ref --format=%(refname)%00%(upstream:short)%00%(objectname)%00%(upstream:track)%00%(upstream:remotename)%00%(upstream:remoteref) refs/heads/master refs/remotes/master [1ms]
2025-04-09 22:22:53.665 [info] > git for-each-ref --sort -committerdate --format %(refname)%00%(objectname)%00%(*objectname) [2ms]
2025-04-09 22:22:53.668 [info] > git status -z -uall [10ms]
2025-04-09 22:22:59.873 [info] > git config --get commit.template [7ms]
2025-04-09 22:22:59.873 [info] > git for-each-ref --format=%(refname)%00%(upstream:short)%00%(objectname)%00%(upstream:track)%00%(upstream:remotename)%00%(upstream:remoteref) refs/heads/master refs/remotes/master [1ms]
2025-04-09 22:22:59.885 [info] > git for-each-ref --sort -committerdate --format %(refname)%00%(objectname)%00%(*objectname) [1ms]
2025-04-09 22:22:59.887 [info] > git status -z -uall [9ms]
2025-04-09 22:23:41.887 [info] > git config --get commit.template [8ms]
2025-04-09 22:23:41.888 [info] > git for-each-ref --format=%(refname)%00%(upstream:short)%00%(objectname)%00%(upstream:track)%00%(upstream:remotename)%00%(upstream:remoteref) refs/heads/master refs/remotes/master [1ms]
2025-04-09 22:23:41.902 [info] > git for-each-ref --sort -committerdate --format %(refname)%00%(objectname)%00%(*objectname) [2ms]
2025-04-09 22:23:41.905 [info] > git status -z -uall [11ms]
2025-04-09 22:23:46.923 [info] > git config --get commit.template [8ms]
2025-04-09 22:23:46.923 [info] > git for-each-ref --format=%(refname)%00%(upstream:short)%00%(objectname)%00%(upstream:track)%00%(upstream:remotename)%00%(upstream:remoteref) refs/heads/master refs/remotes/master [1ms]
2025-04-09 22:23:46.937 [info] > git for-each-ref --sort -committerdate --format %(refname)%00%(objectname)%00%(*objectname) [2ms]
2025-04-09 22:23:46.943 [info] > git status -z -uall [14ms]
2025-04-09 22:23:58.931 [info] > git config --get commit.template [10ms]
2025-04-09 22:23:58.932 [info] > git for-each-ref --format=%(refname)%00%(upstream:short)%00%(objectname)%00%(upstream:track)%00%(upstream:remotename)%00%(upstream:remoteref) refs/heads/master refs/remotes/master [2ms]
2025-04-09 22:23:58.946 [info] > git for-each-ref --sort -committerdate --format %(refname)%00%(objectname)%00%(*objectname) [1ms]
2025-04-09 22:23:58.950 [info] > git status -z -uall [9ms]
2025-04-09 22:24:18.271 [info] > git config --get commit.template [8ms]
2025-04-09 22:24:18.271 [info] > git for-each-ref --format=%(refname)%00%(upstream:short)%00%(objectname)%00%(upstream:track)%00%(upstream:remotename)%00%(upstream:remoteref) refs/heads/master refs/remotes/master [1ms]
2025-04-09 22:24:18.283 [info] > git for-each-ref --sort -committerdate --format %(refname)%00%(objectname)%00%(*objectname) [0ms]
2025-04-09 22:24:18.288 [info] > git status -z -uall [10ms]
2025-04-09 22:24:23.310 [info] > git config --get commit.template [10ms]
2025-04-09 22:24:23.311 [info] > git for-each-ref --format=%(refname)%00%(upstream:short)%00%(objectname)%00%(upstream:track)%00%(upstream:remotename)%00%(upstream:remoteref) refs/heads/master refs/remotes/master [2ms]
2025-04-09 22:24:23.327 [info] > git for-each-ref --sort -committerdate --format %(refname)%00%(objectname)%00%(*objectname) [2ms]
2025-04-09 22:24:23.333 [info] > git status -z -uall [16ms]
2025-04-10 00:39:06.341 [info] > git config --get commit.template [13ms]
2025-04-10 00:39:06.341 [info] > git for-each-ref --format=%(refname)%00%(upstream:short)%00%(objectname)%00%(upstream:track)%00%(upstream:remotename)%00%(upstream:remoteref) refs/heads/master refs/remotes/master [3ms]
2025-04-10 00:39:06.361 [info] > git for-each-ref --sort -committerdate --format %(refname)%00%(objectname)%00%(*objectname) [1ms]
2025-04-10 00:39:06.364 [info] > git status -z -uall [14ms]
2025-04-10 00:39:11.389 [info] > git config --get commit.template [10ms]
2025-04-10 00:39:11.390 [info] > git for-each-ref --format=%(refname)%00%(upstream:short)%00%(objectname)%00%(upstream:track)%00%(upstream:remotename)%00%(upstream:remoteref) refs/heads/master refs/remotes/master [3ms]
2025-04-10 00:39:11.406 [info] > git for-each-ref --sort -committerdate --format %(refname)%00%(objectname)%00%(*objectname) [1ms]
2025-04-10 00:39:11.411 [info] > git status -z -uall [13ms]
2025-04-10 01:10:53.434 [info] > git config --get commit.template [8ms]
2025-04-10 01:10:53.435 [info] > git for-each-ref --format=%(refname)%00%(upstream:short)%00%(objectname)%00%(upstream:track)%00%(upstream:remotename)%00%(upstream:remoteref) refs/heads/master refs/remotes/master [1ms]
2025-04-10 01:10:53.447 [info] > git for-each-ref --sort -committerdate --format %(refname)%00%(objectname)%00%(*objectname) [1ms]
2025-04-10 01:10:53.451 [info] > git status -z -uall [12ms]
