2025-04-10 10:56:13.184 [info] [main] Log level: Info
2025-04-10 10:56:13.184 [info] [main] Validating found git in: "git"
2025-04-10 10:56:13.184 [info] [main] Using git "2.47.2" from "git"
2025-04-10 10:56:13.184 [info] [Model][doInitialScan] Initial repository scan started
2025-04-10 10:56:13.184 [info] > git rev-parse --show-toplevel [40ms]
2025-04-10 10:56:13.184 [info] > git rev-parse --git-dir --git-common-dir [14ms]
2025-04-10 10:56:13.184 [info] [Model][openRepository] Opened repository: /root/Desktop/Environments/App
2025-04-10 10:56:13.185 [info] > git rev-parse --show-toplevel [4ms]
2025-04-10 10:56:13.185 [info] > git config --get commit.template [8ms]
2025-04-10 10:56:13.202 [info] > git rev-parse --show-toplevel [5ms]
2025-04-10 10:56:13.212 [info] > git rev-parse --show-toplevel [2ms]
2025-04-10 10:56:13.212 [info] > git for-each-ref --format=%(refname)%00%(upstream:short)%00%(objectname)%00%(upstream:track)%00%(upstream:remotename)%00%(upstream:remoteref) refs/heads/master refs/remotes/master [11ms]
2025-04-10 10:56:13.528 [info] > git rev-parse --show-toplevel [14ms]
2025-04-10 10:56:13.530 [info] [Model][doInitialScan] Initial repository scan completed - repositories (1), closed repositories (0), parent repositories (0), unsafe repositories (0)
2025-04-10 10:56:13.543 [info] > git for-each-ref --sort -committerdate --format %(refname)%00%(objectname)%00%(*objectname) [2ms]
2025-04-10 10:56:13.554 [info] > git status -z -uall [19ms]
2025-04-10 10:56:13.577 [info] > git for-each-ref --format=%(refname)%00%(upstream:short)%00%(objectname)%00%(upstream:track)%00%(upstream:remotename)%00%(upstream:remoteref) refs/heads/master refs/remotes/master [7ms]
2025-04-10 10:56:13.597 [info] > git show --textconv :App/mchat_results.csv [10ms]
2025-04-10 10:56:13.597 [info] > git ls-files --stage -- App/mchat_results.csv [3ms]
2025-04-10 10:56:13.604 [info] > git config --get --local branch.master.vscode-merge-base [22ms]
2025-04-10 10:56:13.604 [warning] [Git][config] git config failed: Failed to execute git
2025-04-10 10:56:13.611 [info] > git config --get commit.template [33ms]
2025-04-10 10:56:13.612 [info] > git cat-file -s 05595759d1752faf6a5792e97df683539c6a2f3c [9ms]
2025-04-10 10:56:13.621 [info] > git reflog master --grep-reflog=branch: Created from *. [11ms]
2025-04-10 10:56:13.626 [info] > git for-each-ref --format=%(refname)%00%(upstream:short)%00%(objectname)%00%(upstream:track)%00%(upstream:remotename)%00%(upstream:remoteref) refs/heads/master refs/remotes/master [6ms]
2025-04-10 10:56:13.632 [info] > git symbolic-ref --short refs/remotes/origin/HEAD [7ms]
2025-04-10 10:56:13.632 [info] fatal: ref refs/remotes/origin/HEAD is not a symbolic ref
2025-04-10 10:56:13.632 [warning] [Repository][getDefaultBranch] Failed to get default branch details: Failed to execute git.
2025-04-10 10:56:13.692 [info] > git merge-base refs/heads/master refs/remotes/origin/master [54ms]
2025-04-10 10:56:13.723 [info] > git check-ignore -v -z --stdin [9ms]
2025-04-10 10:56:13.724 [info] > git diff --name-status -z --diff-filter=ADMR 520ca16c3d2d4dd34e37c63adf79a781420fc2bf...refs/remotes/origin/master [27ms]
2025-04-10 10:56:13.745 [info] > git for-each-ref --sort -committerdate --format %(refname)%00%(objectname)%00%(*objectname) [1ms]
2025-04-10 10:56:13.753 [info] > git status -z -uall [15ms]
2025-04-10 10:56:13.765 [info] > git blame --root --incremental 520ca16c3d2d4dd34e37c63adf79a781420fc2bf -- App/mchat_results.csv [11ms]
2025-04-10 10:56:16.373 [info] > git config --get commit.template [9ms]
2025-04-10 10:56:16.374 [info] > git for-each-ref --format=%(refname)%00%(upstream:short)%00%(objectname)%00%(upstream:track)%00%(upstream:remotename)%00%(upstream:remoteref) refs/heads/master refs/remotes/master [3ms]
2025-04-10 10:56:16.392 [info] > git for-each-ref --sort -committerdate --format %(refname)%00%(objectname)%00%(*objectname) [2ms]
2025-04-10 10:56:16.399 [info] > git status -z -uall [17ms]
2025-04-10 10:56:22.574 [info] > git config --get commit.template [8ms]
2025-04-10 10:56:22.575 [info] > git for-each-ref --format=%(refname)%00%(upstream:short)%00%(objectname)%00%(upstream:track)%00%(upstream:remotename)%00%(upstream:remoteref) refs/heads/master refs/remotes/master [2ms]
2025-04-10 10:56:22.590 [info] > git for-each-ref --sort -committerdate --format %(refname)%00%(objectname)%00%(*objectname) [2ms]
2025-04-10 10:56:22.596 [info] > git status -z -uall [15ms]
2025-04-10 10:56:35.031 [info] > git config --get commit.template [7ms]
2025-04-10 10:56:35.033 [info] > git for-each-ref --format=%(refname)%00%(upstream:short)%00%(objectname)%00%(upstream:track)%00%(upstream:remotename)%00%(upstream:remoteref) refs/heads/master refs/remotes/master [3ms]
2025-04-10 10:56:35.049 [info] > git for-each-ref --sort -committerdate --format %(refname)%00%(objectname)%00%(*objectname) [2ms]
2025-04-10 10:56:35.055 [info] > git status -z -uall [15ms]
2025-04-10 10:56:41.403 [info] > git config --get commit.template [10ms]
2025-04-10 10:56:41.405 [info] > git for-each-ref --format=%(refname)%00%(upstream:short)%00%(objectname)%00%(upstream:track)%00%(upstream:remotename)%00%(upstream:remoteref) refs/heads/master refs/remotes/master [3ms]
2025-04-10 10:56:41.422 [info] > git for-each-ref --sort -committerdate --format %(refname)%00%(objectname)%00%(*objectname) [1ms]
2025-04-10 10:56:41.427 [info] > git status -z -uall [13ms]
2025-04-10 10:56:51.547 [info] > git config --get commit.template [10ms]
2025-04-10 10:56:51.548 [info] > git for-each-ref --format=%(refname)%00%(upstream:short)%00%(objectname)%00%(upstream:track)%00%(upstream:remotename)%00%(upstream:remoteref) refs/heads/master refs/remotes/master [2ms]
2025-04-10 10:56:51.563 [info] > git for-each-ref --sort -committerdate --format %(refname)%00%(objectname)%00%(*objectname) [1ms]
2025-04-10 10:56:51.569 [info] > git status -z -uall [14ms]
2025-04-10 10:57:01.591 [info] > git config --get commit.template [1ms]
2025-04-10 10:57:01.601 [info] > git for-each-ref --format=%(refname)%00%(upstream:short)%00%(objectname)%00%(upstream:track)%00%(upstream:remotename)%00%(upstream:remoteref) refs/heads/master refs/remotes/master [2ms]
2025-04-10 10:57:01.614 [info] > git for-each-ref --sort -committerdate --format %(refname)%00%(objectname)%00%(*objectname) [0ms]
2025-04-10 10:57:01.619 [info] > git status -z -uall [10ms]
2025-04-10 10:57:11.995 [info] > git config --get commit.template [11ms]
2025-04-10 10:57:11.995 [info] > git for-each-ref --format=%(refname)%00%(upstream:short)%00%(objectname)%00%(upstream:track)%00%(upstream:remotename)%00%(upstream:remoteref) refs/heads/master refs/remotes/master [2ms]
2025-04-10 10:57:12.007 [info] > git for-each-ref --sort -committerdate --format %(refname)%00%(objectname)%00%(*objectname) [1ms]
2025-04-10 10:57:12.013 [info] > git status -z -uall [12ms]
2025-04-10 10:58:11.274 [info] > git config --get commit.template [2ms]
2025-04-10 10:58:11.283 [info] > git for-each-ref --format=%(refname)%00%(upstream:short)%00%(objectname)%00%(upstream:track)%00%(upstream:remotename)%00%(upstream:remoteref) refs/heads/master refs/remotes/master [2ms]
2025-04-10 10:58:11.295 [info] > git for-each-ref --sort -committerdate --format %(refname)%00%(objectname)%00%(*objectname) [1ms]
2025-04-10 10:58:11.298 [info] > git status -z -uall [10ms]
2025-04-10 11:01:35.334 [info] > git config --get commit.template [6ms]
2025-04-10 11:01:35.334 [info] > git for-each-ref --format=%(refname)%00%(upstream:short)%00%(objectname)%00%(upstream:track)%00%(upstream:remotename)%00%(upstream:remoteref) refs/heads/master refs/remotes/master [1ms]
2025-04-10 11:01:35.348 [info] > git for-each-ref --sort -committerdate --format %(refname)%00%(objectname)%00%(*objectname) [1ms]
2025-04-10 11:01:35.350 [info] > git status -z -uall [9ms]
2025-04-10 11:01:57.766 [info] > git config --get commit.template [7ms]
2025-04-10 11:01:57.767 [info] > git for-each-ref --format=%(refname)%00%(upstream:short)%00%(objectname)%00%(upstream:track)%00%(upstream:remotename)%00%(upstream:remoteref) refs/heads/master refs/remotes/master [1ms]
2025-04-10 11:01:57.778 [info] > git for-each-ref --sort -committerdate --format %(refname)%00%(objectname)%00%(*objectname) [1ms]
2025-04-10 11:01:57.782 [info] > git status -z -uall [9ms]
2025-04-10 11:02:26.935 [info] > git show --textconv :App/game.py [19ms]
2025-04-10 11:02:26.941 [info] > git ls-files --stage -- App/game.py [18ms]
2025-04-10 11:02:26.951 [info] > git cat-file -s 7258037bb8f5be0a5d90eb7638cc9d1de316962c [3ms]
2025-04-10 11:02:26.990 [info] > git blame --root --incremental 520ca16c3d2d4dd34e37c63adf79a781420fc2bf -- App/game.py [7ms]
2025-04-10 11:02:29.438 [info] > git config --get commit.template [10ms]
2025-04-10 11:02:29.439 [info] > git for-each-ref --format=%(refname)%00%(upstream:short)%00%(objectname)%00%(upstream:track)%00%(upstream:remotename)%00%(upstream:remoteref) refs/heads/master refs/remotes/master [2ms]
2025-04-10 11:02:29.456 [info] > git for-each-ref --sort -committerdate --format %(refname)%00%(objectname)%00%(*objectname) [1ms]
2025-04-10 11:02:29.463 [info] > git status -z -uall [16ms]
2025-04-10 11:06:10.498 [info] > git config --get commit.template [1ms]
2025-04-10 11:06:10.514 [info] > git for-each-ref --format=%(refname)%00%(upstream:short)%00%(objectname)%00%(upstream:track)%00%(upstream:remotename)%00%(upstream:remoteref) refs/heads/master refs/remotes/master [3ms]
2025-04-10 11:06:10.532 [info] > git for-each-ref --sort -committerdate --format %(refname)%00%(objectname)%00%(*objectname) [1ms]
2025-04-10 11:06:10.535 [info] > git status -z -uall [15ms]
2025-04-10 11:06:15.550 [info] > git config --get commit.template [4ms]
2025-04-10 11:06:15.550 [info] > git for-each-ref --format=%(refname)%00%(upstream:short)%00%(objectname)%00%(upstream:track)%00%(upstream:remotename)%00%(upstream:remoteref) refs/heads/master refs/remotes/master [1ms]
2025-04-10 11:06:15.559 [info] > git for-each-ref --sort -committerdate --format %(refname)%00%(objectname)%00%(*objectname) [1ms]
2025-04-10 11:06:15.564 [info] > git status -z -uall [10ms]
2025-04-10 11:06:22.198 [info] > git show --textconv :App/info.py [9ms]
2025-04-10 11:06:22.204 [info] > git ls-files --stage -- App/info.py [7ms]
2025-04-10 11:06:22.211 [info] > git hash-object -t tree /dev/null [7ms]
2025-04-10 11:06:22.211 [warning] [GitFileSystemProvider][readFile] File not found - git:/root/Desktop/Environments/App/App/info.py.git?%7B%22path%22%3A%22%2Froot%2FDesktop%2FEnvironments%2FApp%2FApp%2Finfo.py%22%2C%22ref%22%3A%22%22%7D
2025-04-10 11:06:22.213 [info] > git hash-object -t tree /dev/null [2ms]
2025-04-10 11:06:22.213 [warning] [GitFileSystemProvider][stat] File not found - git:/root/Desktop/Environments/App/App/info.py.git?%7B%22path%22%3A%22%2Froot%2FDesktop%2FEnvironments%2FApp%2FApp%2Finfo.py%22%2C%22ref%22%3A%22%22%7D
2025-04-10 11:06:22.472 [info] > git check-ignore -v -z --stdin [0ms]
2025-04-10 11:06:23.361 [info] > git config --get commit.template [10ms]
2025-04-10 11:06:23.361 [info] > git for-each-ref --format=%(refname)%00%(upstream:short)%00%(objectname)%00%(upstream:track)%00%(upstream:remotename)%00%(upstream:remoteref) refs/heads/master refs/remotes/master [0ms]
2025-04-10 11:06:23.374 [info] > git for-each-ref --sort -committerdate --format %(refname)%00%(objectname)%00%(*objectname) [3ms]
2025-04-10 11:06:23.377 [info] > git status -z -uall [10ms]
2025-04-10 11:06:39.964 [info] > git config --get commit.template [14ms]
2025-04-10 11:06:39.965 [info] > git for-each-ref --format=%(refname)%00%(upstream:short)%00%(objectname)%00%(upstream:track)%00%(upstream:remotename)%00%(upstream:remoteref) refs/heads/master refs/remotes/master [2ms]
2025-04-10 11:06:39.987 [info] > git status -z -uall [13ms]
2025-04-10 11:06:39.987 [info] > git for-each-ref --sort -committerdate --format %(refname)%00%(objectname)%00%(*objectname) [3ms]
2025-04-10 11:06:45.004 [info] > git config --get commit.template [2ms]
2025-04-10 11:06:45.015 [info] > git for-each-ref --format=%(refname)%00%(upstream:short)%00%(objectname)%00%(upstream:track)%00%(upstream:remotename)%00%(upstream:remoteref) refs/heads/master refs/remotes/master [2ms]
2025-04-10 11:06:45.032 [info] > git for-each-ref --sort -committerdate --format %(refname)%00%(objectname)%00%(*objectname) [1ms]
2025-04-10 11:06:45.037 [info] > git status -z -uall [13ms]
2025-04-10 11:06:50.060 [info] > git config --get commit.template [10ms]
2025-04-10 11:06:50.062 [info] > git for-each-ref --format=%(refname)%00%(upstream:short)%00%(objectname)%00%(upstream:track)%00%(upstream:remotename)%00%(upstream:remoteref) refs/heads/master refs/remotes/master [3ms]
2025-04-10 11:06:50.077 [info] > git for-each-ref --sort -committerdate --format %(refname)%00%(objectname)%00%(*objectname) [1ms]
2025-04-10 11:06:50.082 [info] > git status -z -uall [12ms]
2025-04-10 11:06:54.337 [info] > git show --textconv :App/game.py [8ms]
2025-04-10 11:06:54.337 [info] > git ls-files --stage -- App/game.py [2ms]
2025-04-10 11:06:54.342 [info] > git cat-file -s 7258037bb8f5be0a5d90eb7638cc9d1de316962c [1ms]
2025-04-10 11:07:04.149 [info] > git config --get commit.template [9ms]
2025-04-10 11:07:04.150 [info] > git for-each-ref --format=%(refname)%00%(upstream:short)%00%(objectname)%00%(upstream:track)%00%(upstream:remotename)%00%(upstream:remoteref) refs/heads/master refs/remotes/master [1ms]
2025-04-10 11:07:04.172 [info] > git status -z -uall [15ms]
2025-04-10 11:07:04.173 [info] > git for-each-ref --sort -committerdate --format %(refname)%00%(objectname)%00%(*objectname) [3ms]
2025-04-10 11:07:09.189 [info] > git config --get commit.template [7ms]
2025-04-10 11:07:09.189 [info] > git for-each-ref --format=%(refname)%00%(upstream:short)%00%(objectname)%00%(upstream:track)%00%(upstream:remotename)%00%(upstream:remoteref) refs/heads/master refs/remotes/master [1ms]
2025-04-10 11:07:09.201 [info] > git for-each-ref --sort -committerdate --format %(refname)%00%(objectname)%00%(*objectname) [2ms]
2025-04-10 11:07:09.205 [info] > git status -z -uall [10ms]
2025-04-10 11:07:13.132 [info] > git show --textconv :App/main.py [11ms]
2025-04-10 11:07:13.133 [warning] [GitFileSystemProvider][readFile] File not found - git:/root/Desktop/Environments/App/App/main.py.git?%7B%22path%22%3A%22%2Froot%2FDesktop%2FEnvironments%2FApp%2FApp%2Fmain.py%22%2C%22ref%22%3A%22%22%7D
2025-04-10 11:07:13.133 [info] > git ls-files --stage -- App/main.py [2ms]
2025-04-10 11:07:13.133 [warning] [GitFileSystemProvider][stat] File not found - git:/root/Desktop/Environments/App/App/main.py.git?%7B%22path%22%3A%22%2Froot%2FDesktop%2FEnvironments%2FApp%2FApp%2Fmain.py%22%2C%22ref%22%3A%22%22%7D
2025-04-10 11:07:13.410 [info] > git check-ignore -v -z --stdin [3ms]
2025-04-10 11:07:14.229 [info] > git config --get commit.template [10ms]
2025-04-10 11:07:14.231 [info] > git for-each-ref --format=%(refname)%00%(upstream:short)%00%(objectname)%00%(upstream:track)%00%(upstream:remotename)%00%(upstream:remoteref) refs/heads/master refs/remotes/master [3ms]
2025-04-10 11:07:14.246 [info] > git for-each-ref --sort -committerdate --format %(refname)%00%(objectname)%00%(*objectname) [1ms]
2025-04-10 11:07:14.250 [info] > git status -z -uall [12ms]
2025-04-10 11:07:30.650 [info] > git config --get commit.template [11ms]
2025-04-10 11:07:30.650 [info] > git for-each-ref --format=%(refname)%00%(upstream:short)%00%(objectname)%00%(upstream:track)%00%(upstream:remotename)%00%(upstream:remoteref) refs/heads/master refs/remotes/master [1ms]
2025-04-10 11:07:30.668 [info] > git for-each-ref --sort -committerdate --format %(refname)%00%(objectname)%00%(*objectname) [1ms]
2025-04-10 11:07:30.668 [info] > git status -z -uall [10ms]
2025-04-10 11:07:35.688 [info] > git config --get commit.template [9ms]
2025-04-10 11:07:35.689 [info] > git for-each-ref --format=%(refname)%00%(upstream:short)%00%(objectname)%00%(upstream:track)%00%(upstream:remotename)%00%(upstream:remoteref) refs/heads/master refs/remotes/master [2ms]
2025-04-10 11:07:35.707 [info] > git for-each-ref --sort -committerdate --format %(refname)%00%(objectname)%00%(*objectname) [2ms]
2025-04-10 11:07:35.712 [info] > git status -z -uall [13ms]
2025-04-10 11:07:40.724 [info] > git config --get commit.template [4ms]
2025-04-10 11:07:40.726 [info] > git for-each-ref --format=%(refname)%00%(upstream:short)%00%(objectname)%00%(upstream:track)%00%(upstream:remotename)%00%(upstream:remoteref) refs/heads/master refs/remotes/master [2ms]
2025-04-10 11:07:40.739 [info] > git for-each-ref --sort -committerdate --format %(refname)%00%(objectname)%00%(*objectname) [1ms]
2025-04-10 11:07:40.744 [info] > git status -z -uall [12ms]
2025-04-10 11:07:45.760 [info] > git config --get commit.template [2ms]
2025-04-10 11:07:45.772 [info] > git for-each-ref --format=%(refname)%00%(upstream:short)%00%(objectname)%00%(upstream:track)%00%(upstream:remotename)%00%(upstream:remoteref) refs/heads/master refs/remotes/master [2ms]
2025-04-10 11:07:45.789 [info] > git for-each-ref --sort -committerdate --format %(refname)%00%(objectname)%00%(*objectname) [2ms]
2025-04-10 11:07:45.793 [info] > git status -z -uall [12ms]
2025-04-10 11:07:50.809 [info] > git config --get commit.template [3ms]
2025-04-10 11:07:50.818 [info] > git for-each-ref --format=%(refname)%00%(upstream:short)%00%(objectname)%00%(upstream:track)%00%(upstream:remotename)%00%(upstream:remoteref) refs/heads/master refs/remotes/master [2ms]
2025-04-10 11:07:50.832 [info] > git for-each-ref --sort -committerdate --format %(refname)%00%(objectname)%00%(*objectname) [1ms]
2025-04-10 11:07:50.837 [info] > git status -z -uall [11ms]
2025-04-10 11:07:55.861 [info] > git config --get commit.template [11ms]
2025-04-10 11:07:55.862 [info] > git for-each-ref --format=%(refname)%00%(upstream:short)%00%(objectname)%00%(upstream:track)%00%(upstream:remotename)%00%(upstream:remoteref) refs/heads/master refs/remotes/master [3ms]
2025-04-10 11:07:55.878 [info] > git for-each-ref --sort -committerdate --format %(refname)%00%(objectname)%00%(*objectname) [2ms]
2025-04-10 11:07:55.883 [info] > git status -z -uall [13ms]
2025-04-10 11:08:49.457 [info] > git config --get commit.template [2ms]
2025-04-10 11:08:49.478 [info] > git for-each-ref --format=%(refname)%00%(upstream:short)%00%(objectname)%00%(upstream:track)%00%(upstream:remotename)%00%(upstream:remoteref) refs/heads/master refs/remotes/master [6ms]
2025-04-10 11:08:49.504 [info] > git for-each-ref --sort -committerdate --format %(refname)%00%(objectname)%00%(*objectname) [3ms]
2025-04-10 11:08:49.505 [info] > git status -z -uall [14ms]
2025-04-10 11:08:51.846 [info] > git show --textconv :App/game.py [5ms]
2025-04-10 11:08:51.847 [info] > git ls-files --stage -- App/game.py [2ms]
2025-04-10 11:08:51.852 [info] > git cat-file -s 7258037bb8f5be0a5d90eb7638cc9d1de316962c [1ms]
2025-04-10 11:08:54.524 [info] > git config --get commit.template [6ms]
2025-04-10 11:08:54.525 [info] > git for-each-ref --format=%(refname)%00%(upstream:short)%00%(objectname)%00%(upstream:track)%00%(upstream:remotename)%00%(upstream:remoteref) refs/heads/master refs/remotes/master [2ms]
2025-04-10 11:08:54.542 [info] > git for-each-ref --sort -committerdate --format %(refname)%00%(objectname)%00%(*objectname) [1ms]
2025-04-10 11:08:54.548 [info] > git status -z -uall [14ms]
2025-04-10 11:08:59.562 [info] > git config --get commit.template [7ms]
2025-04-10 11:08:59.563 [info] > git for-each-ref --format=%(refname)%00%(upstream:short)%00%(objectname)%00%(upstream:track)%00%(upstream:remotename)%00%(upstream:remoteref) refs/heads/master refs/remotes/master [2ms]
2025-04-10 11:08:59.577 [info] > git for-each-ref --sort -committerdate --format %(refname)%00%(objectname)%00%(*objectname) [2ms]
2025-04-10 11:08:59.579 [info] > git status -z -uall [10ms]
2025-04-10 11:09:46.758 [info] > git config --get commit.template [8ms]
2025-04-10 11:09:46.759 [info] > git for-each-ref --format=%(refname)%00%(upstream:short)%00%(objectname)%00%(upstream:track)%00%(upstream:remotename)%00%(upstream:remoteref) refs/heads/master refs/remotes/master [2ms]
2025-04-10 11:09:46.771 [info] > git for-each-ref --sort -committerdate --format %(refname)%00%(objectname)%00%(*objectname) [0ms]
2025-04-10 11:09:46.773 [info] > git status -z -uall [9ms]
2025-04-10 11:09:51.798 [info] > git config --get commit.template [10ms]
2025-04-10 11:09:51.800 [info] > git for-each-ref --format=%(refname)%00%(upstream:short)%00%(objectname)%00%(upstream:track)%00%(upstream:remotename)%00%(upstream:remoteref) refs/heads/master refs/remotes/master [2ms]
2025-04-10 11:09:51.816 [info] > git for-each-ref --sort -committerdate --format %(refname)%00%(objectname)%00%(*objectname) [1ms]
2025-04-10 11:09:51.822 [info] > git status -z -uall [14ms]
2025-04-10 11:10:30.974 [info] > git config --get commit.template [14ms]
2025-04-10 11:10:30.974 [info] > git for-each-ref --format=%(refname)%00%(upstream:short)%00%(objectname)%00%(upstream:track)%00%(upstream:remotename)%00%(upstream:remoteref) refs/heads/master refs/remotes/master [2ms]
2025-04-10 11:10:31.001 [info] > git status -z -uall [14ms]
2025-04-10 11:10:31.003 [info] > git for-each-ref --sort -committerdate --format %(refname)%00%(objectname)%00%(*objectname) [4ms]
2025-04-10 11:11:19.373 [info] > git config --get commit.template [3ms]
2025-04-10 11:11:19.383 [info] > git for-each-ref --format=%(refname)%00%(upstream:short)%00%(objectname)%00%(upstream:track)%00%(upstream:remotename)%00%(upstream:remoteref) refs/heads/master refs/remotes/master [2ms]
2025-04-10 11:11:19.399 [info] > git for-each-ref --sort -committerdate --format %(refname)%00%(objectname)%00%(*objectname) [1ms]
2025-04-10 11:11:19.405 [info] > git status -z -uall [14ms]
2025-04-10 11:12:13.349 [info] > git config --get commit.template [12ms]
2025-04-10 11:12:13.353 [info] > git for-each-ref --format=%(refname)%00%(upstream:short)%00%(objectname)%00%(upstream:track)%00%(upstream:remotename)%00%(upstream:remoteref) refs/heads/master refs/remotes/master [4ms]
2025-04-10 11:12:13.377 [info] > git for-each-ref --sort -committerdate --format %(refname)%00%(objectname)%00%(*objectname) [4ms]
2025-04-10 11:12:13.380 [info] > git status -z -uall [15ms]
2025-04-10 11:12:18.397 [info] > git config --get commit.template [7ms]
2025-04-10 11:12:18.399 [info] > git for-each-ref --format=%(refname)%00%(upstream:short)%00%(objectname)%00%(upstream:track)%00%(upstream:remotename)%00%(upstream:remoteref) refs/heads/master refs/remotes/master [2ms]
2025-04-10 11:12:18.415 [info] > git for-each-ref --sort -committerdate --format %(refname)%00%(objectname)%00%(*objectname) [1ms]
2025-04-10 11:12:18.423 [info] > git status -z -uall [16ms]
2025-04-10 11:12:23.438 [info] > git config --get commit.template [7ms]
2025-04-10 11:12:23.438 [info] > git for-each-ref --format=%(refname)%00%(upstream:short)%00%(objectname)%00%(upstream:track)%00%(upstream:remotename)%00%(upstream:remoteref) refs/heads/master refs/remotes/master [1ms]
2025-04-10 11:12:23.450 [info] > git for-each-ref --sort -committerdate --format %(refname)%00%(objectname)%00%(*objectname) [2ms]
2025-04-10 11:12:23.454 [info] > git status -z -uall [10ms]
2025-04-10 11:14:48.384 [info] > git config --get commit.template [8ms]
2025-04-10 11:14:48.384 [info] > git for-each-ref --format=%(refname)%00%(upstream:short)%00%(objectname)%00%(upstream:track)%00%(upstream:remotename)%00%(upstream:remoteref) refs/heads/master refs/remotes/master [2ms]
2025-04-10 11:14:48.401 [info] > git for-each-ref --sort -committerdate --format %(refname)%00%(objectname)%00%(*objectname) [1ms]
2025-04-10 11:14:48.403 [info] > git status -z -uall [10ms]
2025-04-10 11:15:01.356 [info] > git config --get commit.template [4ms]
2025-04-10 11:15:01.373 [info] > git for-each-ref --format=%(refname)%00%(upstream:short)%00%(objectname)%00%(upstream:track)%00%(upstream:remotename)%00%(upstream:remoteref) refs/heads/master refs/remotes/master [2ms]
2025-04-10 11:15:01.415 [info] > git for-each-ref --sort -committerdate --format %(refname)%00%(objectname)%00%(*objectname) [7ms]
2025-04-10 11:15:01.421 [info] > git status -z -uall [35ms]
2025-04-10 11:15:33.924 [info] > git config --get commit.template [12ms]
2025-04-10 11:15:33.925 [info] > git for-each-ref --format=%(refname)%00%(upstream:short)%00%(objectname)%00%(upstream:track)%00%(upstream:remotename)%00%(upstream:remoteref) refs/heads/master refs/remotes/master [3ms]
2025-04-10 11:15:33.945 [info] > git for-each-ref --sort -committerdate --format %(refname)%00%(objectname)%00%(*objectname) [1ms]
2025-04-10 11:15:33.947 [info] > git status -z -uall [13ms]
2025-04-10 11:15:38.973 [info] > git config --get commit.template [10ms]
2025-04-10 11:15:38.974 [info] > git for-each-ref --format=%(refname)%00%(upstream:short)%00%(objectname)%00%(upstream:track)%00%(upstream:remotename)%00%(upstream:remoteref) refs/heads/master refs/remotes/master [2ms]
2025-04-10 11:15:38.994 [info] > git for-each-ref --sort -committerdate --format %(refname)%00%(objectname)%00%(*objectname) [3ms]
2025-04-10 11:15:39.002 [info] > git status -z -uall [18ms]
2025-04-10 11:15:50.540 [info] > git config --get commit.template [9ms]
2025-04-10 11:15:50.540 [info] > git for-each-ref --format=%(refname)%00%(upstream:short)%00%(objectname)%00%(upstream:track)%00%(upstream:remotename)%00%(upstream:remoteref) refs/heads/master refs/remotes/master [1ms]
2025-04-10 11:15:50.554 [info] > git for-each-ref --sort -committerdate --format %(refname)%00%(objectname)%00%(*objectname) [2ms]
2025-04-10 11:15:50.558 [info] > git status -z -uall [10ms]
2025-04-10 11:15:55.579 [info] > git config --get commit.template [9ms]
2025-04-10 11:15:55.580 [info] > git for-each-ref --format=%(refname)%00%(upstream:short)%00%(objectname)%00%(upstream:track)%00%(upstream:remotename)%00%(upstream:remoteref) refs/heads/master refs/remotes/master [3ms]
2025-04-10 11:15:55.598 [info] > git for-each-ref --sort -committerdate --format %(refname)%00%(objectname)%00%(*objectname) [2ms]
2025-04-10 11:15:55.606 [info] > git status -z -uall [17ms]
2025-04-10 11:16:00.621 [info] > git config --get commit.template [4ms]
2025-04-10 11:16:00.621 [info] > git for-each-ref --format=%(refname)%00%(upstream:short)%00%(objectname)%00%(upstream:track)%00%(upstream:remotename)%00%(upstream:remoteref) refs/heads/master refs/remotes/master [0ms]
2025-04-10 11:16:00.631 [info] > git for-each-ref --sort -committerdate --format %(refname)%00%(objectname)%00%(*objectname) [1ms]
2025-04-10 11:16:00.635 [info] > git status -z -uall [10ms]
2025-04-10 11:16:10.580 [info] > git config --get commit.template [8ms]
2025-04-10 11:16:10.581 [info] > git for-each-ref --format=%(refname)%00%(upstream:short)%00%(objectname)%00%(upstream:track)%00%(upstream:remotename)%00%(upstream:remoteref) refs/heads/master refs/remotes/master [2ms]
2025-04-10 11:16:10.593 [info] > git for-each-ref --sort -committerdate --format %(refname)%00%(objectname)%00%(*objectname) [1ms]
2025-04-10 11:16:10.597 [info] > git status -z -uall [9ms]
2025-04-10 11:16:15.613 [info] > git config --get commit.template [1ms]
2025-04-10 11:16:15.624 [info] > git for-each-ref --format=%(refname)%00%(upstream:short)%00%(objectname)%00%(upstream:track)%00%(upstream:remotename)%00%(upstream:remoteref) refs/heads/master refs/remotes/master [2ms]
2025-04-10 11:16:15.639 [info] > git for-each-ref --sort -committerdate --format %(refname)%00%(objectname)%00%(*objectname) [1ms]
2025-04-10 11:16:15.644 [info] > git status -z -uall [12ms]
2025-04-10 11:16:27.019 [info] > git config --get commit.template [10ms]
2025-04-10 11:16:27.020 [info] > git for-each-ref --format=%(refname)%00%(upstream:short)%00%(objectname)%00%(upstream:track)%00%(upstream:remotename)%00%(upstream:remoteref) refs/heads/master refs/remotes/master [2ms]
2025-04-10 11:16:27.033 [info] > git for-each-ref --sort -committerdate --format %(refname)%00%(objectname)%00%(*objectname) [2ms]
2025-04-10 11:16:27.037 [info] > git status -z -uall [11ms]
2025-04-10 11:16:32.051 [info] > git config --get commit.template [5ms]
2025-04-10 11:16:32.052 [info] > git for-each-ref --format=%(refname)%00%(upstream:short)%00%(objectname)%00%(upstream:track)%00%(upstream:remotename)%00%(upstream:remoteref) refs/heads/master refs/remotes/master [1ms]
2025-04-10 11:16:32.061 [info] > git for-each-ref --sort -committerdate --format %(refname)%00%(objectname)%00%(*objectname) [1ms]
2025-04-10 11:16:32.064 [info] > git status -z -uall [8ms]
2025-04-10 11:16:48.425 [info] > git config --get commit.template [8ms]
2025-04-10 11:16:48.426 [info] > git for-each-ref --format=%(refname)%00%(upstream:short)%00%(objectname)%00%(upstream:track)%00%(upstream:remotename)%00%(upstream:remoteref) refs/heads/master refs/remotes/master [2ms]
2025-04-10 11:16:48.441 [info] > git for-each-ref --sort -committerdate --format %(refname)%00%(objectname)%00%(*objectname) [0ms]
2025-04-10 11:16:48.444 [info] > git status -z -uall [9ms]
2025-04-10 11:16:53.470 [info] > git config --get commit.template [11ms]
2025-04-10 11:16:53.471 [info] > git for-each-ref --format=%(refname)%00%(upstream:short)%00%(objectname)%00%(upstream:track)%00%(upstream:remotename)%00%(upstream:remoteref) refs/heads/master refs/remotes/master [2ms]
2025-04-10 11:16:53.488 [info] > git for-each-ref --sort -committerdate --format %(refname)%00%(objectname)%00%(*objectname) [1ms]
2025-04-10 11:16:53.493 [info] > git status -z -uall [14ms]
2025-04-10 11:16:58.519 [info] > git config --get commit.template [11ms]
2025-04-10 11:16:58.520 [info] > git for-each-ref --format=%(refname)%00%(upstream:short)%00%(objectname)%00%(upstream:track)%00%(upstream:remotename)%00%(upstream:remoteref) refs/heads/master refs/remotes/master [3ms]
2025-04-10 11:16:58.538 [info] > git for-each-ref --sort -committerdate --format %(refname)%00%(objectname)%00%(*objectname) [2ms]
2025-04-10 11:16:58.543 [info] > git status -z -uall [14ms]
2025-04-10 11:17:11.364 [info] > git config --get commit.template [7ms]
2025-04-10 11:17:11.365 [info] > git for-each-ref --format=%(refname)%00%(upstream:short)%00%(objectname)%00%(upstream:track)%00%(upstream:remotename)%00%(upstream:remoteref) refs/heads/master refs/remotes/master [2ms]
2025-04-10 11:17:11.378 [info] > git for-each-ref --sort -committerdate --format %(refname)%00%(objectname)%00%(*objectname) [1ms]
2025-04-10 11:17:11.382 [info] > git status -z -uall [10ms]
2025-04-10 11:17:17.266 [info] > git config --get commit.template [9ms]
2025-04-10 11:17:17.268 [info] > git for-each-ref --format=%(refname)%00%(upstream:short)%00%(objectname)%00%(upstream:track)%00%(upstream:remotename)%00%(upstream:remoteref) refs/heads/master refs/remotes/master [3ms]
2025-04-10 11:17:17.283 [info] > git for-each-ref --sort -committerdate --format %(refname)%00%(objectname)%00%(*objectname) [1ms]
2025-04-10 11:17:17.289 [info] > git status -z -uall [13ms]
2025-04-10 11:18:38.980 [info] > git config --get commit.template [13ms]
2025-04-10 11:18:38.981 [info] > git for-each-ref --format=%(refname)%00%(upstream:short)%00%(objectname)%00%(upstream:track)%00%(upstream:remotename)%00%(upstream:remoteref) refs/heads/master refs/remotes/master [2ms]
2025-04-10 11:18:39.002 [info] > git for-each-ref --sort -committerdate --format %(refname)%00%(objectname)%00%(*objectname) [2ms]
2025-04-10 11:18:39.003 [info] > git status -z -uall [13ms]
2025-04-10 11:18:44.019 [info] > git config --get commit.template [2ms]
2025-04-10 11:18:44.030 [info] > git for-each-ref --format=%(refname)%00%(upstream:short)%00%(objectname)%00%(upstream:track)%00%(upstream:remotename)%00%(upstream:remoteref) refs/heads/master refs/remotes/master [3ms]
2025-04-10 11:18:44.048 [info] > git for-each-ref --sort -committerdate --format %(refname)%00%(objectname)%00%(*objectname) [2ms]
2025-04-10 11:18:44.053 [info] > git status -z -uall [14ms]
2025-04-10 11:19:21.803 [info] > git config --get commit.template [9ms]
2025-04-10 11:19:21.803 [info] > git for-each-ref --format=%(refname)%00%(upstream:short)%00%(objectname)%00%(upstream:track)%00%(upstream:remotename)%00%(upstream:remoteref) refs/heads/master refs/remotes/master [1ms]
2025-04-10 11:19:21.829 [info] > git for-each-ref --sort -committerdate --format %(refname)%00%(objectname)%00%(*objectname) [5ms]
2025-04-10 11:19:21.836 [info] > git status -z -uall [24ms]
2025-04-10 11:23:00.072 [info] > git config --get commit.template [9ms]
2025-04-10 11:23:00.079 [info] > git ls-files --stage -- App/game.py [8ms]
2025-04-10 11:23:00.083 [info] > git for-each-ref --format=%(refname)%00%(upstream:short)%00%(objectname)%00%(upstream:track)%00%(upstream:remotename)%00%(upstream:remoteref) refs/heads/master refs/remotes/master [4ms]
2025-04-10 11:23:00.096 [info] > git status -z -uall [7ms]
2025-04-10 11:23:00.096 [info] > git cat-file -s 8e607cc977c4ebbd84ac130b9c54b5dcd0384c17 [13ms]
2025-04-10 11:23:00.096 [info] > git for-each-ref --sort -committerdate --format %(refname)%00%(objectname)%00%(*objectname) [2ms]
2025-04-10 11:23:00.113 [info] > git blame --root --incremental 5ed836ec092ced3830cbbba0fb29e0c59d1b74ea -- App/game.py [8ms]
2025-04-10 11:23:00.120 [info] > git show --textconv :App/game.py [2ms]
2025-04-10 11:23:00.121 [info] > git merge-base refs/heads/master refs/remotes/origin/master [9ms]
2025-04-10 11:23:00.127 [info] > git diff --name-status -z --diff-filter=ADMR 5ed836ec092ced3830cbbba0fb29e0c59d1b74ea...refs/remotes/origin/master [2ms]
2025-04-10 11:23:03.785 [info] > git show --textconv :App/info.py [8ms]
2025-04-10 11:23:03.786 [info] > git ls-files --stage -- App/info.py [1ms]
2025-04-10 11:23:03.792 [info] > git cat-file -s e5271c941730b26ee8d8873ac9d5945fbc8e3bd7 [1ms]
2025-04-10 11:23:03.806 [info] > git blame --root --incremental 5ed836ec092ced3830cbbba0fb29e0c59d1b74ea -- App/info.py [2ms]
2025-04-10 11:23:05.134 [info] > git config --get commit.template [10ms]
2025-04-10 11:23:05.135 [info] > git for-each-ref --format=%(refname)%00%(upstream:short)%00%(objectname)%00%(upstream:track)%00%(upstream:remotename)%00%(upstream:remoteref) refs/heads/master refs/remotes/master [2ms]
2025-04-10 11:23:05.154 [info] > git for-each-ref --sort -committerdate --format %(refname)%00%(objectname)%00%(*objectname) [1ms]
2025-04-10 11:23:05.154 [info] > git status -z -uall [9ms]
2025-04-10 11:36:58.492 [info] > git config --get commit.template [13ms]
2025-04-10 11:36:58.493 [info] > git for-each-ref --format=%(refname)%00%(upstream:short)%00%(objectname)%00%(upstream:track)%00%(upstream:remotename)%00%(upstream:remoteref) refs/heads/master refs/remotes/master [3ms]
2025-04-10 11:36:58.510 [info] > git status -z -uall [8ms]
2025-04-10 11:36:58.511 [info] > git for-each-ref --sort -committerdate --format %(refname)%00%(objectname)%00%(*objectname) [1ms]
2025-04-10 11:37:03.532 [info] > git config --get commit.template [10ms]
2025-04-10 11:37:03.533 [info] > git for-each-ref --format=%(refname)%00%(upstream:short)%00%(objectname)%00%(upstream:track)%00%(upstream:remotename)%00%(upstream:remoteref) refs/heads/master refs/remotes/master [2ms]
2025-04-10 11:37:03.552 [info] > git for-each-ref --sort -committerdate --format %(refname)%00%(objectname)%00%(*objectname) [2ms]
2025-04-10 11:37:03.552 [info] > git status -z -uall [10ms]
2025-04-10 11:38:50.615 [info] > git config --get commit.template [11ms]
2025-04-10 11:38:50.616 [info] > git for-each-ref --format=%(refname)%00%(upstream:short)%00%(objectname)%00%(upstream:track)%00%(upstream:remotename)%00%(upstream:remoteref) refs/heads/master refs/remotes/master [1ms]
2025-04-10 11:38:50.632 [info] > git status -z -uall [9ms]
2025-04-10 11:38:50.633 [info] > git for-each-ref --sort -committerdate --format %(refname)%00%(objectname)%00%(*objectname) [1ms]
2025-04-10 11:38:55.648 [info] > git config --get commit.template [6ms]
2025-04-10 11:38:55.649 [info] > git for-each-ref --format=%(refname)%00%(upstream:short)%00%(objectname)%00%(upstream:track)%00%(upstream:remotename)%00%(upstream:remoteref) refs/heads/master refs/remotes/master [1ms]
2025-04-10 11:38:55.659 [info] > git status -z -uall [5ms]
2025-04-10 11:38:55.659 [info] > git for-each-ref --sort -committerdate --format %(refname)%00%(objectname)%00%(*objectname) [0ms]
2025-04-10 11:39:05.788 [info] > git config --get commit.template [7ms]
2025-04-10 11:39:05.789 [info] > git for-each-ref --format=%(refname)%00%(upstream:short)%00%(objectname)%00%(upstream:track)%00%(upstream:remotename)%00%(upstream:remoteref) refs/heads/master refs/remotes/master [1ms]
2025-04-10 11:39:05.799 [info] > git status -z -uall [5ms]
2025-04-10 11:39:05.800 [info] > git for-each-ref --sort -committerdate --format %(refname)%00%(objectname)%00%(*objectname) [1ms]
2025-04-10 11:39:17.700 [info] > git config --get commit.template [7ms]
2025-04-10 11:39:17.701 [info] > git for-each-ref --format=%(refname)%00%(upstream:short)%00%(objectname)%00%(upstream:track)%00%(upstream:remotename)%00%(upstream:remoteref) refs/heads/master refs/remotes/master [2ms]
2025-04-10 11:39:17.712 [info] > git status -z -uall [7ms]
2025-04-10 11:39:17.713 [info] > git for-each-ref --sort -committerdate --format %(refname)%00%(objectname)%00%(*objectname) [2ms]
2025-04-10 11:42:13.665 [info] > git config --get commit.template [11ms]
2025-04-10 11:42:13.666 [info] > git for-each-ref --format=%(refname)%00%(upstream:short)%00%(objectname)%00%(upstream:track)%00%(upstream:remotename)%00%(upstream:remoteref) refs/heads/master refs/remotes/master [3ms]
2025-04-10 11:42:13.681 [info] > git status -z -uall [7ms]
2025-04-10 11:42:13.683 [info] > git for-each-ref --sort -committerdate --format %(refname)%00%(objectname)%00%(*objectname) [3ms]
2025-04-10 11:42:18.701 [info] > git for-each-ref --format=%(refname)%00%(upstream:short)%00%(objectname)%00%(upstream:track)%00%(upstream:remotename)%00%(upstream:remoteref) refs/heads/master refs/remotes/master [2ms]
2025-04-10 11:42:18.701 [info] > git config --get commit.template [8ms]
2025-04-10 11:42:18.712 [info] > git status -z -uall [7ms]
2025-04-10 11:42:18.713 [info] > git for-each-ref --sort -committerdate --format %(refname)%00%(objectname)%00%(*objectname) [1ms]
2025-04-10 11:42:23.724 [info] > git config --get commit.template [4ms]
2025-04-10 11:42:23.725 [info] > git for-each-ref --format=%(refname)%00%(upstream:short)%00%(objectname)%00%(upstream:track)%00%(upstream:remotename)%00%(upstream:remoteref) refs/heads/master refs/remotes/master [1ms]
2025-04-10 11:42:23.733 [info] > git status -z -uall [4ms]
2025-04-10 11:42:23.734 [info] > git for-each-ref --sort -committerdate --format %(refname)%00%(objectname)%00%(*objectname) [1ms]
2025-04-10 11:43:22.724 [info] > git config --get commit.template [6ms]
2025-04-10 11:43:22.725 [info] > git for-each-ref --format=%(refname)%00%(upstream:short)%00%(objectname)%00%(upstream:track)%00%(upstream:remotename)%00%(upstream:remoteref) refs/heads/master refs/remotes/master [1ms]
2025-04-10 11:43:22.738 [info] > git status -z -uall [7ms]
2025-04-10 11:43:22.738 [info] > git for-each-ref --sort -committerdate --format %(refname)%00%(objectname)%00%(*objectname) [1ms]
