2025-04-09 12:47:44.084 [info] [main] Log level: Info
2025-04-09 12:47:44.084 [info] [main] Validating found git in: "git"
2025-04-09 12:47:44.084 [info] [main] Using git "2.47.2" from "git"
2025-04-09 12:47:44.084 [info] [Model][doInitialScan] Initial repository scan started
2025-04-09 12:47:44.084 [info] [Model][doInitialScan] Initial repository scan completed - repositories (0), closed repositories (0), parent repositories (0), unsafe repositories (0)
2025-04-09 12:48:02.580 [info] [main] Log level: Info
2025-04-09 12:48:02.580 [info] [main] Validating found git in: "git"
2025-04-09 12:48:02.580 [info] [main] Using git "2.47.2" from "git"
2025-04-09 12:48:02.580 [info] [Model][doInitialScan] Initial repository scan started
2025-04-09 12:48:02.580 [info] > git rev-parse --show-toplevel [15ms]
2025-04-09 12:48:02.586 [info] > git rev-parse --git-dir --git-common-dir [1ms]
2025-04-09 12:48:02.594 [info] [Model][openRepository] Opened repository: /root/Desktop/Environments/App
2025-04-09 12:48:02.604 [info] > git config --get commit.template [4ms]
2025-04-09 12:48:02.606 [info] > git rev-parse --show-toplevel [3ms]
2025-04-09 12:48:02.619 [info] > git for-each-ref --format=%(refname)%00%(upstream:short)%00%(objectname)%00%(upstream:track)%00%(upstream:remotename)%00%(upstream:remoteref) refs/heads/master refs/remotes/master [8ms]
2025-04-09 12:48:02.620 [info] > git rev-parse --show-toplevel [3ms]
2025-04-09 12:48:02.660 [info] > git status -z -uall [8ms]
2025-04-09 12:48:02.660 [info] > git rev-parse --show-toplevel [33ms]
2025-04-09 12:48:02.663 [info] [Model][doInitialScan] Initial repository scan completed - repositories (1), closed repositories (0), parent repositories (0), unsafe repositories (0)
2025-04-09 12:48:02.676 [info] > git for-each-ref --sort -committerdate --format %(refname)%00%(objectname)%00%(*objectname) [16ms]
2025-04-09 12:48:02.720 [info] > git for-each-ref --format=%(refname)%00%(upstream:short)%00%(objectname)%00%(upstream:track)%00%(upstream:remotename)%00%(upstream:remoteref) refs/heads/master refs/remotes/master [24ms]
2025-04-09 12:48:02.732 [info] > git config --get --local branch.master.vscode-merge-base [4ms]
2025-04-09 12:48:02.732 [warning] [Git][config] git config failed: Failed to execute git
2025-04-09 12:48:02.736 [info] > git config --get commit.template [17ms]
2025-04-09 12:48:02.741 [info] > git reflog master --grep-reflog=branch: Created from *. [5ms]
2025-04-09 12:48:02.745 [info] > git for-each-ref --format=%(refname)%00%(upstream:short)%00%(objectname)%00%(upstream:track)%00%(upstream:remotename)%00%(upstream:remoteref) refs/heads/master refs/remotes/master [4ms]
2025-04-09 12:48:02.746 [info] > git symbolic-ref --short refs/remotes/origin/HEAD [1ms]
2025-04-09 12:48:02.746 [info] fatal: ref refs/remotes/origin/HEAD is not a symbolic ref
2025-04-09 12:48:02.746 [warning] [Repository][getDefaultBranch] Failed to get default branch details: Failed to execute git.
2025-04-09 12:48:02.760 [info] > git status -z -uall [5ms]
2025-04-09 12:48:02.760 [info] > git merge-base refs/heads/master refs/remotes/origin/master [9ms]
2025-04-09 12:48:02.766 [info] > git for-each-ref --sort -committerdate --format %(refname)%00%(objectname)%00%(*objectname) [6ms]
2025-04-09 12:48:02.776 [info] > git merge-base refs/heads/master refs/remotes/origin/master [3ms]
2025-04-09 12:48:02.779 [info] > git diff --name-status -z --diff-filter=ADMR 027c2ad1e41d285cf9b8278e27bbac565efbec00...refs/remotes/origin/master [15ms]
2025-04-09 12:48:02.782 [info] > git diff --name-status -z --diff-filter=ADMR 027c2ad1e41d285cf9b8278e27bbac565efbec00...refs/remotes/origin/master [3ms]
2025-04-09 12:48:03.160 [info] > git check-ignore -v -z --stdin [2ms]
2025-04-09 12:48:05.167 [info] > git check-ignore -v -z --stdin [1ms]
2025-04-09 12:48:06.444 [info] > git check-ignore -v -z --stdin [1ms]
2025-04-09 12:48:08.099 [info] > git show --textconv :App/game.py [10ms]
2025-04-09 12:48:08.100 [info] > git ls-files --stage -- App/game.py [3ms]
2025-04-09 12:48:08.106 [info] > git cat-file -s 03cc43d6c12573d7612627f8af1c24737527c2fd [2ms]
2025-04-09 12:48:10.040 [info] > git show --textconv :App/reaction_times.csv [11ms]
2025-04-09 12:48:10.054 [info] > git ls-files --stage -- App/reaction_times.csv [15ms]
2025-04-09 12:48:10.059 [info] > git cat-file -s 80824091505bbc6ec7dcbf5bdb336aed64b62538 [0ms]
2025-04-09 12:48:11.515 [info] > git config --get commit.template [10ms]
2025-04-09 12:48:11.515 [info] > git for-each-ref --format=%(refname)%00%(upstream:short)%00%(objectname)%00%(upstream:track)%00%(upstream:remotename)%00%(upstream:remoteref) refs/heads/master refs/remotes/master [1ms]
2025-04-09 12:48:11.529 [info] > git status -z -uall [7ms]
2025-04-09 12:48:11.530 [info] > git for-each-ref --sort -committerdate --format %(refname)%00%(objectname)%00%(*objectname) [2ms]
2025-04-09 12:48:12.543 [info] > git show --textconv :App/game.py [6ms]
2025-04-09 12:48:12.544 [info] > git ls-files --stage -- App/game.py [2ms]
2025-04-09 12:48:12.549 [info] > git cat-file -s 03cc43d6c12573d7612627f8af1c24737527c2fd [2ms]
2025-04-09 12:48:13.816 [info] > git blame --root --incremental 027c2ad1e41d285cf9b8278e27bbac565efbec00 -- App/game.py [2ms]
2025-04-09 12:48:16.556 [info] > git config --get commit.template [10ms]
2025-04-09 12:48:16.558 [info] > git for-each-ref --format=%(refname)%00%(upstream:short)%00%(objectname)%00%(upstream:track)%00%(upstream:remotename)%00%(upstream:remoteref) refs/heads/master refs/remotes/master [3ms]
2025-04-09 12:48:16.573 [info] > git status -z -uall [6ms]
2025-04-09 12:48:16.574 [info] > git for-each-ref --sort -committerdate --format %(refname)%00%(objectname)%00%(*objectname) [1ms]
2025-04-09 12:48:24.433 [info] > git config --get commit.template [9ms]
2025-04-09 12:48:24.434 [info] > git for-each-ref --format=%(refname)%00%(upstream:short)%00%(objectname)%00%(upstream:track)%00%(upstream:remotename)%00%(upstream:remoteref) refs/heads/master refs/remotes/master [1ms]
2025-04-09 12:48:24.447 [info] > git status -z -uall [6ms]
2025-04-09 12:48:24.449 [info] > git for-each-ref --sort -committerdate --format %(refname)%00%(objectname)%00%(*objectname) [3ms]
2025-04-09 12:48:29.475 [info] > git config --get commit.template [9ms]
2025-04-09 12:48:29.476 [info] > git for-each-ref --format=%(refname)%00%(upstream:short)%00%(objectname)%00%(upstream:track)%00%(upstream:remotename)%00%(upstream:remoteref) refs/heads/master refs/remotes/master [2ms]
2025-04-09 12:48:29.487 [info] > git status -z -uall [5ms]
2025-04-09 12:48:29.488 [info] > git for-each-ref --sort -committerdate --format %(refname)%00%(objectname)%00%(*objectname) [2ms]
2025-04-09 12:48:35.332 [info] > git show --textconv :App/game.py [6ms]
2025-04-09 12:48:35.333 [info] > git ls-files --stage -- App/game.py [2ms]
2025-04-09 12:48:35.338 [info] > git cat-file -s 03cc43d6c12573d7612627f8af1c24737527c2fd [2ms]
2025-04-09 12:48:38.656 [info] > git config --get commit.template [10ms]
2025-04-09 12:48:38.657 [info] > git for-each-ref --format=%(refname)%00%(upstream:short)%00%(objectname)%00%(upstream:track)%00%(upstream:remotename)%00%(upstream:remoteref) refs/heads/master refs/remotes/master [2ms]
2025-04-09 12:48:38.670 [info] > git status -z -uall [7ms]
2025-04-09 12:48:38.671 [info] > git for-each-ref --sort -committerdate --format %(refname)%00%(objectname)%00%(*objectname) [1ms]
2025-04-09 12:48:40.269 [info] > git show --textconv :App/reaction_times.csv [6ms]
2025-04-09 12:48:40.269 [info] > git ls-files --stage -- App/reaction_times.csv [1ms]
2025-04-09 12:48:40.275 [info] > git cat-file -s 80824091505bbc6ec7dcbf5bdb336aed64b62538 [0ms]
2025-04-09 12:48:43.683 [info] > git config --get commit.template [4ms]
2025-04-09 12:48:43.684 [info] > git for-each-ref --format=%(refname)%00%(upstream:short)%00%(objectname)%00%(upstream:track)%00%(upstream:remotename)%00%(upstream:remoteref) refs/heads/master refs/remotes/master [1ms]
2025-04-09 12:48:43.694 [info] > git status -z -uall [7ms]
2025-04-09 12:48:43.695 [info] > git for-each-ref --sort -committerdate --format %(refname)%00%(objectname)%00%(*objectname) [2ms]
2025-04-09 12:48:44.249 [info] > git show --textconv :App/game.py [11ms]
2025-04-09 12:48:44.251 [info] > git ls-files --stage -- App/game.py [3ms]
2025-04-09 12:48:44.256 [info] > git cat-file -s 03cc43d6c12573d7612627f8af1c24737527c2fd [1ms]
2025-04-09 12:48:48.722 [info] > git config --get commit.template [11ms]
2025-04-09 12:48:48.723 [info] > git for-each-ref --format=%(refname)%00%(upstream:short)%00%(objectname)%00%(upstream:track)%00%(upstream:remotename)%00%(upstream:remoteref) refs/heads/master refs/remotes/master [1ms]
2025-04-09 12:48:48.738 [info] > git status -z -uall [8ms]
2025-04-09 12:48:48.739 [info] > git for-each-ref --sort -committerdate --format %(refname)%00%(objectname)%00%(*objectname) [2ms]
2025-04-09 12:48:53.920 [info] > git config --get commit.template [6ms]
2025-04-09 12:48:53.920 [info] > git for-each-ref --format=%(refname)%00%(upstream:short)%00%(objectname)%00%(upstream:track)%00%(upstream:remotename)%00%(upstream:remoteref) refs/heads/master refs/remotes/master [0ms]
2025-04-09 12:48:53.930 [info] > git status -z -uall [5ms]
2025-04-09 12:48:53.931 [info] > git for-each-ref --sort -committerdate --format %(refname)%00%(objectname)%00%(*objectname) [2ms]
2025-04-09 12:51:03.821 [info] > git config --get commit.template [2ms]
2025-04-09 12:51:03.831 [info] > git for-each-ref --format=%(refname)%00%(upstream:short)%00%(objectname)%00%(upstream:track)%00%(upstream:remotename)%00%(upstream:remoteref) refs/heads/master refs/remotes/master [2ms]
2025-04-09 12:51:03.847 [info] > git status -z -uall [9ms]
2025-04-09 12:51:03.848 [info] > git for-each-ref --sort -committerdate --format %(refname)%00%(objectname)%00%(*objectname) [2ms]
2025-04-09 12:51:08.862 [info] > git config --get commit.template [6ms]
2025-04-09 12:51:08.862 [info] > git for-each-ref --format=%(refname)%00%(upstream:short)%00%(objectname)%00%(upstream:track)%00%(upstream:remotename)%00%(upstream:remoteref) refs/heads/master refs/remotes/master [1ms]
2025-04-09 12:51:08.872 [info] > git status -z -uall [6ms]
2025-04-09 12:51:08.873 [info] > git for-each-ref --sort -committerdate --format %(refname)%00%(objectname)%00%(*objectname) [2ms]
2025-04-09 12:51:23.330 [info] > git config --get commit.template [9ms]
2025-04-09 12:51:23.331 [info] > git for-each-ref --format=%(refname)%00%(upstream:short)%00%(objectname)%00%(upstream:track)%00%(upstream:remotename)%00%(upstream:remoteref) refs/heads/master refs/remotes/master [1ms]
2025-04-09 12:51:23.347 [info] > git status -z -uall [8ms]
2025-04-09 12:51:23.350 [info] > git for-each-ref --sort -committerdate --format %(refname)%00%(objectname)%00%(*objectname) [3ms]
2025-04-09 12:51:28.370 [info] > git config --get commit.template [7ms]
2025-04-09 12:51:28.371 [info] > git for-each-ref --format=%(refname)%00%(upstream:short)%00%(objectname)%00%(upstream:track)%00%(upstream:remotename)%00%(upstream:remoteref) refs/heads/master refs/remotes/master [1ms]
2025-04-09 12:51:28.382 [info] > git status -z -uall [5ms]
2025-04-09 12:51:28.384 [info] > git for-each-ref --sort -committerdate --format %(refname)%00%(objectname)%00%(*objectname) [3ms]
2025-04-09 12:51:33.409 [info] > git config --get commit.template [9ms]
2025-04-09 12:51:33.410 [info] > git for-each-ref --format=%(refname)%00%(upstream:short)%00%(objectname)%00%(upstream:track)%00%(upstream:remotename)%00%(upstream:remoteref) refs/heads/master refs/remotes/master [2ms]
2025-04-09 12:51:33.421 [info] > git status -z -uall [5ms]
2025-04-09 12:51:33.421 [info] > git for-each-ref --sort -committerdate --format %(refname)%00%(objectname)%00%(*objectname) [1ms]
2025-04-09 12:52:21.114 [info] > git config --get commit.template [3ms]
2025-04-09 12:52:21.126 [info] > git for-each-ref --format=%(refname)%00%(upstream:short)%00%(objectname)%00%(upstream:track)%00%(upstream:remotename)%00%(upstream:remoteref) refs/heads/master refs/remotes/master [2ms]
2025-04-09 12:52:21.147 [info] > git status -z -uall [9ms]
2025-04-09 12:52:21.148 [info] > git for-each-ref --sort -committerdate --format %(refname)%00%(objectname)%00%(*objectname) [2ms]
2025-04-09 12:52:26.168 [info] > git config --get commit.template [9ms]
2025-04-09 12:52:26.169 [info] > git for-each-ref --format=%(refname)%00%(upstream:short)%00%(objectname)%00%(upstream:track)%00%(upstream:remotename)%00%(upstream:remoteref) refs/heads/master refs/remotes/master [1ms]
2025-04-09 12:52:26.182 [info] > git status -z -uall [7ms]
2025-04-09 12:52:26.183 [info] > git for-each-ref --sort -committerdate --format %(refname)%00%(objectname)%00%(*objectname) [2ms]
2025-04-09 12:52:55.610 [info] > git config --get commit.template [14ms]
2025-04-09 12:52:55.611 [info] > git for-each-ref --format=%(refname)%00%(upstream:short)%00%(objectname)%00%(upstream:track)%00%(upstream:remotename)%00%(upstream:remoteref) refs/heads/master refs/remotes/master [3ms]
2025-04-09 12:52:55.629 [info] > git status -z -uall [9ms]
2025-04-09 12:52:55.630 [info] > git for-each-ref --sort -committerdate --format %(refname)%00%(objectname)%00%(*objectname) [1ms]
2025-04-09 12:53:54.863 [info] > git config --get commit.template [12ms]
2025-04-09 12:53:54.863 [info] > git for-each-ref --format=%(refname)%00%(upstream:short)%00%(objectname)%00%(upstream:track)%00%(upstream:remotename)%00%(upstream:remoteref) refs/heads/master refs/remotes/master [2ms]
2025-04-09 12:53:54.881 [info] > git status -z -uall [9ms]
2025-04-09 12:53:54.883 [info] > git for-each-ref --sort -committerdate --format %(refname)%00%(objectname)%00%(*objectname) [2ms]
2025-04-09 12:53:59.911 [info] > git config --get commit.template [12ms]
2025-04-09 12:53:59.912 [info] > git for-each-ref --format=%(refname)%00%(upstream:short)%00%(objectname)%00%(upstream:track)%00%(upstream:remotename)%00%(upstream:remoteref) refs/heads/master refs/remotes/master [2ms]
2025-04-09 12:53:59.928 [info] > git status -z -uall [8ms]
2025-04-09 12:53:59.929 [info] > git for-each-ref --sort -committerdate --format %(refname)%00%(objectname)%00%(*objectname) [2ms]
2025-04-09 12:54:04.955 [info] > git config --get commit.template [11ms]
2025-04-09 12:54:04.956 [info] > git for-each-ref --format=%(refname)%00%(upstream:short)%00%(objectname)%00%(upstream:track)%00%(upstream:remotename)%00%(upstream:remoteref) refs/heads/master refs/remotes/master [2ms]
2025-04-09 12:54:04.974 [info] > git status -z -uall [7ms]
2025-04-09 12:54:04.976 [info] > git for-each-ref --sort -committerdate --format %(refname)%00%(objectname)%00%(*objectname) [2ms]
