2025-04-11 00:04:24.144 [info] Extension host with pid 2578 started
2025-04-11 00:04:24.144 [info] Skipping acquiring lock for /root/Desktop/Environments/App/App/~/.vscode-root/User/workspaceStorage/613d6a61091fa8c02d4b3c399d99eab8.
2025-04-11 00:04:24.318 [info] ExtensionService#_doActivateExtension vscode.github-authentication, startup: false, activationEvent: 'onAuthenticationRequest:github'
2025-04-11 00:04:24.343 [info] ExtensionService#_doActivateExtension mechatroner.rainbow-csv, startup: false, activationEvent: 'onLanguage:plaintext'
2025-04-11 00:04:24.349 [info] ExtensionService#_doActivateExtension vscode.emmet, startup: false, activationEvent: 'onLanguage'
2025-04-11 00:04:24.371 [info] ExtensionService#_doActivateExtension ms-python.python, startup: false, activationEvent: 'onLanguage:python', root cause: ms-python.debugpy
2025-04-11 00:04:24.569 [info] ExtensionService#_doActivateExtension VisualStudioExptTeam.intellicode-api-usage-examples, startup: false, activationEvent: 'onLanguage:python'
2025-04-11 00:04:24.717 [info] ExtensionService#_doActivateExtension VisualStudioExptTeam.vscodeintellicode, startup: false, activationEvent: 'onLanguage:python'
2025-04-11 00:04:24.878 [info] ExtensionService#_doActivateExtension vscode.configuration-editing, startup: false, activationEvent: 'onLanguage:jsonc'
2025-04-11 00:04:24.892 [info] ExtensionService#_doActivateExtension vscode.json-language-features, startup: false, activationEvent: 'onLanguage:jsonc'
2025-04-11 00:04:24.962 [info] ExtensionService#_doActivateExtension vscode.typescript-language-features, startup: false, activationEvent: 'onLanguage:jsonc'
2025-04-11 00:04:25.275 [info] ExtensionService#_doActivateExtension ms-python.debugpy, startup: false, activationEvent: 'onLanguage:python'
2025-04-11 00:04:25.326 [info] ExtensionService#_doActivateExtension ms-python.vscode-pylance, startup: false, activationEvent: 'onLanguage:python'
2025-04-11 00:04:25.693 [info] ExtensionService#_doActivateExtension vscode.git-base, startup: true, activationEvent: '*', root cause: vscode.git
2025-04-11 00:04:25.792 [info] ExtensionService#_doActivateExtension vscode.git, startup: true, activationEvent: '*'
2025-04-11 00:04:25.825 [info] ExtensionService#_doActivateExtension vscode.github, startup: true, activationEvent: '*'
2025-04-11 00:04:25.891 [info] Eager extensions activated
2025-04-11 00:04:25.905 [info] ExtensionService#_doActivateExtension vscode.debug-auto-launch, startup: false, activationEvent: 'onStartupFinished'
2025-04-11 00:04:25.906 [info] ExtensionService#_doActivateExtension vscode.merge-conflict, startup: false, activationEvent: 'onStartupFinished'
2025-04-11 00:10:40.617 [error] Error: Traceback (most recent call last):

	at s (/root/.vscode/extensions/ms-python.python-2025.4.0-linux-x64/out/client/extension.js:2:251626)
	at Socket.<anonymous> (/root/.vscode/extensions/ms-python.python-2025.4.0-linux-x64/out/client/extension.js:2:251922)
	at Socket.emit (node:events:518:28)
	at addChunk (node:internal/streams/readable:561:12)
	at readableAddChunkPushByteMode (node:internal/streams/readable:512:3)
	at Readable.push (node:internal/streams/readable:392:5)
	at Pipe.onStreamRead (node:internal/stream_base_commons:191:23)
2025-04-11 00:20:29.217 [error] Error: Traceback (most recent call last):

	at s (/root/.vscode/extensions/ms-python.python-2025.4.0-linux-x64/out/client/extension.js:2:251626)
	at Socket.<anonymous> (/root/.vscode/extensions/ms-python.python-2025.4.0-linux-x64/out/client/extension.js:2:251922)
	at Socket.emit (node:events:518:28)
	at addChunk (node:internal/streams/readable:561:12)
	at readableAddChunkPushByteMode (node:internal/streams/readable:512:3)
	at Readable.push (node:internal/streams/readable:392:5)
	at Pipe.onStreamRead (node:internal/stream_base_commons:191:23)
2025-04-11 00:20:29.463 [error] Error: Traceback (most recent call last):

	at s (/root/.vscode/extensions/ms-python.python-2025.4.0-linux-x64/out/client/extension.js:2:251626)
	at Socket.<anonymous> (/root/.vscode/extensions/ms-python.python-2025.4.0-linux-x64/out/client/extension.js:2:251922)
	at Socket.emit (node:events:518:28)
	at addChunk (node:internal/streams/readable:561:12)
	at readableAddChunkPushByteMode (node:internal/streams/readable:512:3)
	at Readable.push (node:internal/streams/readable:392:5)
	at Pipe.onStreamRead (node:internal/stream_base_commons:191:23)
2025-04-11 00:21:51.213 [error] Error: Traceback (most recent call last):

	at s (/root/.vscode/extensions/ms-python.python-2025.4.0-linux-x64/out/client/extension.js:2:251626)
	at Socket.<anonymous> (/root/.vscode/extensions/ms-python.python-2025.4.0-linux-x64/out/client/extension.js:2:251922)
	at Socket.emit (node:events:518:28)
	at addChunk (node:internal/streams/readable:561:12)
	at readableAddChunkPushByteMode (node:internal/streams/readable:512:3)
	at Readable.push (node:internal/streams/readable:392:5)
	at Pipe.onStreamRead (node:internal/stream_base_commons:191:23)
2025-04-11 00:21:51.469 [error] Error: Traceback (most recent call last):

	at s (/root/.vscode/extensions/ms-python.python-2025.4.0-linux-x64/out/client/extension.js:2:251626)
	at Socket.<anonymous> (/root/.vscode/extensions/ms-python.python-2025.4.0-linux-x64/out/client/extension.js:2:251922)
	at Socket.emit (node:events:518:28)
	at addChunk (node:internal/streams/readable:561:12)
	at readableAddChunkPushByteMode (node:internal/streams/readable:512:3)
	at Readable.push (node:internal/streams/readable:392:5)
	at Pipe.onStreamRead (node:internal/stream_base_commons:191:23)
