2025-04-11 00:04:25.202 [info] Reading sessions from keychain...
2025-04-11 00:04:25.202 [info] Getting sessions for all scopes...
2025-04-11 00:04:25.202 [info] Getting sessions for all scopes...
2025-04-11 00:04:25.202 [info] Getting sessions for all scopes...
2025-04-11 00:04:25.202 [info] Got 0 sessions for ...
2025-04-11 00:04:25.202 [info] Got 0 sessions for ...
2025-04-11 00:04:25.202 [info] Got 0 sessions for ...
2025-04-11 00:04:25.202 [info] Getting sessions for all scopes...
2025-04-11 00:04:25.202 [info] Got 0 sessions for ...
2025-04-11 00:04:25.202 [info] Getting sessions for all scopes...
2025-04-11 00:04:25.202 [info] Got 0 sessions for ...
2025-04-11 00:04:25.202 [info] Getting sessions for all scopes...
2025-04-11 00:04:25.202 [info] Got 0 sessions for ...
2025-04-11 00:04:25.202 [info] Getting sessions for all scopes...
2025-04-11 00:04:25.202 [info] Got 0 sessions for ...
2025-04-11 00:04:25.202 [info] Getting sessions for all scopes...
2025-04-11 00:04:25.202 [info] Got 0 sessions for ...
2025-04-11 00:04:25.202 [info] Getting sessions for all scopes...
2025-04-11 00:04:25.202 [info] Got 0 sessions for ...
2025-04-11 00:04:26.165 [info] Getting sessions for read:user,repo,user:email,workflow...
2025-04-11 00:04:26.165 [info] Got 0 sessions for read:user,repo,user:email,workflow...
2025-04-11 00:04:26.367 [info] Getting sessions for all scopes...
2025-04-11 00:04:26.367 [info] Got 0 sessions for ...
2025-04-11 00:04:26.523 [info] Getting sessions for read:user,repo,user:email,workflow...
2025-04-11 00:04:26.523 [info] Got 0 sessions for read:user,repo,user:email,workflow...
