2025-04-09 19:22:06.047 [info] [main] Log level: Info
2025-04-09 19:22:06.047 [info] [main] Validating found git in: "git"
2025-04-09 19:22:06.047 [info] [main] Using git "2.47.2" from "git"
2025-04-09 19:22:06.047 [info] [Model][doInitialScan] Initial repository scan started
2025-04-09 19:22:06.047 [info] > git rev-parse --show-toplevel [4ms]
2025-04-09 19:22:06.047 [info] > git rev-parse --git-dir --git-common-dir [2ms]
2025-04-09 19:22:06.047 [info] [Model][openRepository] Opened repository: /root/Desktop/Environments/App
2025-04-09 19:22:06.058 [info] > git rev-parse --show-toplevel [3ms]
2025-04-09 19:22:06.058 [info] > git config --get commit.template [7ms]
2025-04-09 19:22:06.070 [info] > git rev-parse --show-toplevel [6ms]
2025-04-09 19:22:06.079 [info] > git for-each-ref --format=%(refname)%00%(upstream:short)%00%(objectname)%00%(upstream:track)%00%(upstream:remotename)%00%(upstream:remoteref) refs/heads/master refs/remotes/master [11ms]
2025-04-09 19:22:06.080 [info] > git rev-parse --show-toplevel [6ms]
2025-04-09 19:22:06.095 [info] > git rev-parse --show-toplevel [11ms]
2025-04-09 19:22:06.097 [info] [Model][doInitialScan] Initial repository scan completed - repositories (1), closed repositories (0), parent repositories (0), unsafe repositories (0)
2025-04-09 19:22:06.098 [info] > git for-each-ref --sort -committerdate --format %(refname)%00%(objectname)%00%(*objectname) [4ms]
2025-04-09 19:22:06.110 [info] > git status -z -uall [20ms]
2025-04-09 19:22:06.135 [info] > git for-each-ref --format=%(refname)%00%(upstream:short)%00%(objectname)%00%(upstream:track)%00%(upstream:remotename)%00%(upstream:remoteref) refs/heads/master refs/remotes/master [7ms]
2025-04-09 19:22:06.151 [info] > git config --get --local branch.master.vscode-merge-base [10ms]
2025-04-09 19:22:06.151 [warning] [Git][config] git config failed: Failed to execute git
2025-04-09 19:22:06.156 [info] > git config --get commit.template [21ms]
2025-04-09 19:22:06.159 [info] > git reflog master --grep-reflog=branch: Created from *. [4ms]
2025-04-09 19:22:06.168 [info] > git symbolic-ref --short refs/remotes/origin/HEAD [6ms]
2025-04-09 19:22:06.168 [info] fatal: ref refs/remotes/origin/HEAD is not a symbolic ref
2025-04-09 19:22:06.168 [warning] [Repository][getDefaultBranch] Failed to get default branch details: Failed to execute git.
2025-04-09 19:22:06.175 [info] > git merge-base refs/heads/master refs/remotes/origin/master [2ms]
2025-04-09 19:22:06.178 [info] > git for-each-ref --format=%(refname)%00%(upstream:short)%00%(objectname)%00%(upstream:track)%00%(upstream:remotename)%00%(upstream:remoteref) refs/heads/master refs/remotes/master [10ms]
2025-04-09 19:22:06.180 [info] > git diff --name-status -z --diff-filter=ADMR c7f6ca46c1ea697a71dc4e65c40a3fc456a45c3d...refs/remotes/origin/master [2ms]
2025-04-09 19:22:06.191 [info] > git for-each-ref --sort -committerdate --format %(refname)%00%(objectname)%00%(*objectname) [1ms]
2025-04-09 19:22:06.194 [info] > git status -z -uall [9ms]
2025-04-09 19:22:06.517 [info] > git show --textconv :App/game.py [6ms]
2025-04-09 19:22:06.518 [info] > git ls-files --stage -- App/game.py [1ms]
2025-04-09 19:22:06.525 [info] > git cat-file -s 82968b3209335dae0e51abfb078e754f0991a579 [1ms]
2025-04-09 19:22:06.567 [info] > git check-ignore -v -z --stdin [1ms]
2025-04-09 19:22:06.599 [info] > git blame --root --incremental c7f6ca46c1ea697a71dc4e65c40a3fc456a45c3d -- App/game.py [8ms]
2025-04-09 19:22:22.305 [info] > git check-ignore -v -z --stdin [1ms]
2025-04-09 19:22:44.136 [info] > git config --get commit.template [12ms]
2025-04-09 19:22:44.137 [info] > git for-each-ref --format=%(refname)%00%(upstream:short)%00%(objectname)%00%(upstream:track)%00%(upstream:remotename)%00%(upstream:remoteref) refs/heads/master refs/remotes/master [1ms]
2025-04-09 19:22:44.153 [info] > git for-each-ref --sort -committerdate --format %(refname)%00%(objectname)%00%(*objectname) [2ms]
2025-04-09 19:22:44.155 [info] > git status -z -uall [12ms]
2025-04-09 19:22:49.179 [info] > git config --get commit.template [8ms]
2025-04-09 19:22:49.181 [info] > git for-each-ref --format=%(refname)%00%(upstream:short)%00%(objectname)%00%(upstream:track)%00%(upstream:remotename)%00%(upstream:remoteref) refs/heads/master refs/remotes/master [2ms]
2025-04-09 19:22:49.193 [info] > git for-each-ref --sort -committerdate --format %(refname)%00%(objectname)%00%(*objectname) [1ms]
2025-04-09 19:22:49.197 [info] > git status -z -uall [10ms]
2025-04-09 19:22:54.432 [info] > git config --get commit.template [11ms]
2025-04-09 19:22:54.433 [info] > git for-each-ref --format=%(refname)%00%(upstream:short)%00%(objectname)%00%(upstream:track)%00%(upstream:remotename)%00%(upstream:remoteref) refs/heads/master refs/remotes/master [2ms]
2025-04-09 19:22:54.449 [info] > git for-each-ref --sort -committerdate --format %(refname)%00%(objectname)%00%(*objectname) [1ms]
2025-04-09 19:22:54.457 [info] > git status -z -uall [15ms]
2025-04-09 19:23:04.816 [info] > git config --get commit.template [2ms]
2025-04-09 19:23:04.827 [info] > git for-each-ref --format=%(refname)%00%(upstream:short)%00%(objectname)%00%(upstream:track)%00%(upstream:remotename)%00%(upstream:remoteref) refs/heads/master refs/remotes/master [3ms]
2025-04-09 19:23:04.841 [info] > git for-each-ref --sort -committerdate --format %(refname)%00%(objectname)%00%(*objectname) [1ms]
2025-04-09 19:23:04.845 [info] > git status -z -uall [10ms]
2025-04-09 19:24:28.446 [info] > git config --get commit.template [10ms]
2025-04-09 19:24:28.448 [info] > git for-each-ref --format=%(refname)%00%(upstream:short)%00%(objectname)%00%(upstream:track)%00%(upstream:remotename)%00%(upstream:remoteref) refs/heads/master refs/remotes/master [2ms]
2025-04-09 19:24:28.465 [info] > git for-each-ref --sort -committerdate --format %(refname)%00%(objectname)%00%(*objectname) [4ms]
2025-04-09 19:24:28.466 [info] > git status -z -uall [11ms]
2025-04-09 19:24:33.489 [info] > git config --get commit.template [10ms]
2025-04-09 19:24:33.491 [info] > git for-each-ref --format=%(refname)%00%(upstream:short)%00%(objectname)%00%(upstream:track)%00%(upstream:remotename)%00%(upstream:remoteref) refs/heads/master refs/remotes/master [3ms]
2025-04-09 19:24:33.504 [info] > git for-each-ref --sort -committerdate --format %(refname)%00%(objectname)%00%(*objectname) [1ms]
2025-04-09 19:24:33.511 [info] > git status -z -uall [14ms]
2025-04-09 19:24:38.537 [info] > git config --get commit.template [11ms]
2025-04-09 19:24:38.539 [info] > git for-each-ref --format=%(refname)%00%(upstream:short)%00%(objectname)%00%(upstream:track)%00%(upstream:remotename)%00%(upstream:remoteref) refs/heads/master refs/remotes/master [3ms]
2025-04-09 19:24:38.558 [info] > git for-each-ref --sort -committerdate --format %(refname)%00%(objectname)%00%(*objectname) [1ms]
2025-04-09 19:24:38.564 [info] > git status -z -uall [14ms]
2025-04-09 19:24:43.580 [info] > git config --get commit.template [2ms]
2025-04-09 19:24:43.591 [info] > git for-each-ref --format=%(refname)%00%(upstream:short)%00%(objectname)%00%(upstream:track)%00%(upstream:remotename)%00%(upstream:remoteref) refs/heads/master refs/remotes/master [2ms]
2025-04-09 19:24:43.607 [info] > git for-each-ref --sort -committerdate --format %(refname)%00%(objectname)%00%(*objectname) [1ms]
2025-04-09 19:24:43.613 [info] > git status -z -uall [14ms]
2025-04-09 19:24:48.632 [info] > git config --get commit.template [6ms]
2025-04-09 19:24:48.633 [info] > git for-each-ref --format=%(refname)%00%(upstream:short)%00%(objectname)%00%(upstream:track)%00%(upstream:remotename)%00%(upstream:remoteref) refs/heads/master refs/remotes/master [2ms]
2025-04-09 19:24:48.649 [info] > git for-each-ref --sort -committerdate --format %(refname)%00%(objectname)%00%(*objectname) [2ms]
2025-04-09 19:24:48.655 [info] > git status -z -uall [14ms]
2025-04-09 19:24:53.665 [info] > git config --get commit.template [2ms]
2025-04-09 19:24:53.671 [info] > git for-each-ref --format=%(refname)%00%(upstream:short)%00%(objectname)%00%(upstream:track)%00%(upstream:remotename)%00%(upstream:remoteref) refs/heads/master refs/remotes/master [1ms]
2025-04-09 19:24:53.683 [info] > git for-each-ref --sort -committerdate --format %(refname)%00%(objectname)%00%(*objectname) [1ms]
2025-04-09 19:24:53.685 [info] > git status -z -uall [9ms]
2025-04-09 19:25:52.130 [info] > git config --get commit.template [15ms]
2025-04-09 19:25:52.131 [info] > git for-each-ref --format=%(refname)%00%(upstream:short)%00%(objectname)%00%(upstream:track)%00%(upstream:remotename)%00%(upstream:remoteref) refs/heads/master refs/remotes/master [3ms]
2025-04-09 19:25:52.151 [info] > git status -z -uall [12ms]
2025-04-09 19:25:52.152 [info] > git for-each-ref --sort -committerdate --format %(refname)%00%(objectname)%00%(*objectname) [2ms]
2025-04-09 19:25:57.177 [info] > git config --get commit.template [11ms]
2025-04-09 19:25:57.178 [info] > git for-each-ref --format=%(refname)%00%(upstream:short)%00%(objectname)%00%(upstream:track)%00%(upstream:remotename)%00%(upstream:remoteref) refs/heads/master refs/remotes/master [2ms]
2025-04-09 19:25:57.196 [info] > git for-each-ref --sort -committerdate --format %(refname)%00%(objectname)%00%(*objectname) [2ms]
2025-04-09 19:25:57.201 [info] > git status -z -uall [14ms]
