2025-04-09 12:47:47.593 [info] Getting Manifest... ms-python.debugpy
2025-04-09 12:47:47.595 [info] Getting Manifest... ms-python.python
2025-04-09 12:47:49.698 [info] Installing extension: ms-python.python {"productVersion":{"version":"1.99.0","date":"2025-04-02T21:35:19.530Z"},"pinned":false,"operation":3,"isApplicationScoped":false,"profileLocation":{"$mid":1,"external":"vscode-userdata:/root/.vscode/extensions/extensions.json","path":"/root/.vscode/extensions/extensions.json","scheme":"vscode-userdata"}}
2025-04-09 12:47:49.701 [info] Installing extension: ms-python.debugpy {"productVersion":{"version":"1.99.0","date":"2025-04-02T21:35:19.530Z"},"pinned":false,"operation":3,"isApplicationScoped":false,"profileLocation":{"$mid":1,"external":"vscode-userdata:/root/.vscode/extensions/extensions.json","path":"/root/.vscode/extensions/extensions.json","scheme":"vscode-userdata"}}
2025-04-09 12:47:50.878 [info] Getting Manifest... ms-python.vscode-pylance
2025-04-09 12:47:50.998 [info] Getting Manifest... ms-python.debugpy
2025-04-09 12:47:55.313 [info] Getting Manifest... ms-python.python
2025-04-09 12:47:55.393 [info] Extension signature verification result for ms-python.python: Success. Internal Code: 0. Executed: true. Duration: 661ms.
2025-04-09 12:47:55.851 [info] Getting Manifest... ms-python.vscode-pylance
2025-04-09 12:47:56.031 [info] Extracted extension to file:///root/.vscode/extensions/ms-python.python-2025.4.0-linux-x64: ms-python.python
2025-04-09 12:47:56.109 [info] Renamed to /root/.vscode/extensions/ms-python.python-2025.4.0-linux-x64
2025-04-09 12:47:56.121 [info] Marked extension as removed ms-python.python-2025.2.0
2025-04-09 12:47:56.125 [info] Extension installed successfully: ms-python.python vscode-userdata:/root/.vscode/extensions/extensions.json
2025-04-09 12:47:59.692 [info] Extension signature verification result for ms-python.debugpy: Success. Internal Code: 0. Executed: true. Duration: 553ms.
2025-04-09 12:48:00.128 [info] Extracted extension to file:///root/.vscode/extensions/ms-python.debugpy-2025.6.0-linux-x64: ms-python.debugpy
2025-04-09 12:48:00.140 [info] Renamed to /root/.vscode/extensions/ms-python.debugpy-2025.6.0-linux-x64
2025-04-09 12:48:00.150 [info] Marked extension as removed ms-python.debugpy-2025.4.1
2025-04-09 12:48:00.157 [info] Extension installed successfully: ms-python.debugpy vscode-userdata:/root/.vscode/extensions/extensions.json
2025-04-09 12:48:20.556 [info] Getting Manifest... mechatroner.rainbow-csv
2025-04-09 12:48:20.968 [info] Installing extension: mechatroner.rainbow-csv {"isMachineScoped":false,"profileLocation":{"$mid":1,"external":"vscode-userdata:/root/.vscode/extensions/extensions.json","path":"/root/.vscode/extensions/extensions.json","scheme":"vscode-userdata"},"isApplicationScoped":false,"productVersion":{"version":"1.99.0","date":"2025-04-02T21:35:19.530Z"}}
2025-04-09 12:48:23.054 [info] Extension signature verification result for mechatroner.rainbow-csv: Success. Internal Code: 0. Executed: true. Duration: 565ms.
2025-04-09 12:48:23.094 [info] Extracted extension to file:///root/.vscode/extensions/mechatroner.rainbow-csv-3.19.0: mechatroner.rainbow-csv
2025-04-09 12:48:23.098 [info] Renamed to /root/.vscode/extensions/mechatroner.rainbow-csv-3.19.0
2025-04-09 12:48:23.120 [info] Extension installed successfully: mechatroner.rainbow-csv vscode-userdata:/root/.vscode/extensions/extensions.json
